#
# There is insufficient memory for the Java Runtime Environment to continue.
# Native memory allocation (malloc) failed to allocate 1619216 bytes for Chunk::new
# Possible reasons:
#   The system is out of physical RAM or swap space
#   The process is running with CompressedOops enabled, and the Java Heap may be blocking the growth of the native heap
# Possible solutions:
#   Reduce memory load on the system
#   Increase physical memory or swap space
#   Check if swap backing store is full
#   Decrease Java heap size (-Xmx/-Xms)
#   Decrease number of Java threads
#   Decrease Java thread stack sizes (-Xss)
#   Set larger code cache with -XX:ReservedCodeCacheSize=
#   JVM is running with Unscaled Compressed Oops mode in which the Java heap is
#     placed in the first 4GB address space. The Java Heap base address is the
#     maximum limit for the native heap growth. Please use -XX:HeapBaseMinAddress
#     to set the Java Heap base and to place the Java Heap above 4GB virtual address.
# This output file may be truncated or incomplete.
#
#  Out of Memory Error (arena.cpp:189), pid=111472, tid=106444
#
# JRE version: OpenJDK Runtime Environment Corretto-17.0.5.8.1 (17.0.5+8) (build 17.0.5+8-LTS)
# Java VM: OpenJDK 64-Bit Server VM Corretto-17.0.5.8.1 (17.0.5+8-LTS, mixed mode, sharing, tiered, compressed oops, compressed class ptrs, g1 gc, windows-amd64)
# No core dump will be written. Minidumps are not enabled by default on client versions of Windows
#

---------------  S U M M A R Y ------------

Command Line: --add-opens=java.base/java.util.concurrent.atomic=ALL-UNNAMED -XX:MaxMetaspaceSize=256m -XX:+HeapDumpOnOutOfMemoryError --add-opens=java.base/java.util=ALL-UNNAMED --add-opens=java.base/java.lang=ALL-UNNAMED --add-opens=java.base/java.lang.invoke=ALL-UNNAMED --add-opens=java.prefs/java.util.prefs=ALL-UNNAMED --add-opens=java.base/java.nio.charset=ALL-UNNAMED --add-opens=java.base/java.net=ALL-UNNAMED --add-opens=java.base/java.util.concurrent.atomic=ALL-UNNAMED -Xms256m -Xmx512m -Dfile.encoding=windows-1251 -Duser.country=BG -Duser.language=bg -Duser.variant org.gradle.launcher.daemon.bootstrap.GradleDaemon 7.6

Host: AMD Ryzen 5 4500U with Radeon Graphics         , 6 cores, 7G,  Windows 11 , 64 bit Build 22000 (10.0.22000.1335)
Time: Thu Jan 12 13:54:41 2023  Windows 11 , 64 bit Build 22000 (10.0.22000.1335) elapsed time: 23.500686 seconds (0d 0h 0m 23s)

---------------  T H R E A D  ---------------

Current thread (0x000002587e99b0f0):  JavaThread "C2 CompilerThread0" daemon [_thread_in_native, id=106444, stack(0x000000eb50500000,0x000000eb50600000)]


Current CompileTask:
C2:  23500 5081 %     4       org.objectweb.asm.ClassReader::readCode @ 2186 (5109 bytes)

Stack: [0x000000eb50500000,0x000000eb50600000]
Native frames: (J=compiled Java code, j=interpreted, Vv=VM code, C=native code)
V  [jvm.dll+0x646e0a]
V  [jvm.dll+0x7f7f14]
V  [jvm.dll+0x7f96ce]
V  [jvm.dll+0x7f9d23]
V  [jvm.dll+0x234c98]
V  [jvm.dll+0xbccfc]
V  [jvm.dll+0xbd2dc]
V  [jvm.dll+0x34d6d2]
V  [jvm.dll+0x1aff30]
V  [jvm.dll+0x20938f]
V  [jvm.dll+0x208837]
V  [jvm.dll+0x198a9d]
V  [jvm.dll+0x217bdd]
V  [jvm.dll+0x215e24]
V  [jvm.dll+0x7b06ab]
V  [jvm.dll+0x7aac5a]
V  [jvm.dll+0x645cd5]
C  [ucrtbase.dll+0x26c0c]
C  [KERNEL32.DLL+0x155a0]
C  [ntdll.dll+0x485b]


---------------  P R O C E S S  ---------------

Threads class SMR info:
_java_thread_list=0x0000025819e05e40, length=40, elements={
0x000002587acbc590, 0x000002587e97cae0, 0x000002587e97d730, 0x000002587e996420,
0x000002587e996ce0, 0x000002587e9975a0, 0x000002587e997f50, 0x000002587e99b0f0,
0x000002587e9a70a0, 0x000002587e9a82a0, 0x000002587f4e3e10, 0x000002587f4ec900,
0x00000258171a3040, 0x00000258180ad240, 0x000002587ff25b60, 0x0000025816bad2a0,
0x0000025817c73680, 0x000002587ff46db0, 0x000002587ff48f60, 0x000002587ff49430,
0x000002587ff49900, 0x000002587ff47280, 0x000002587ff46410, 0x000002587ff49dd0,
0x000002587ff485c0, 0x000002587ff468e0, 0x000002587ff47750, 0x000002587ff480f0,
0x000002587ff47c20, 0x000002587ff48a90, 0x0000025819e3b440, 0x0000025819e39c30,
0x0000025819e3c780, 0x0000025819e3d120, 0x0000025819e3af70, 0x0000025819e3aaa0,
0x0000025819e3dac0, 0x0000025819e3df90, 0x0000025819e3e460, 0x000002581a44c6d0
}

Java Threads: ( => current thread )
  0x000002587acbc590 JavaThread "main" [_thread_blocked, id=95868, stack(0x000000eb4f800000,0x000000eb4f900000)]
  0x000002587e97cae0 JavaThread "Reference Handler" daemon [_thread_blocked, id=109856, stack(0x000000eb4ff00000,0x000000eb50000000)]
  0x000002587e97d730 JavaThread "Finalizer" daemon [_thread_blocked, id=89520, stack(0x000000eb50000000,0x000000eb50100000)]
  0x000002587e996420 JavaThread "Signal Dispatcher" daemon [_thread_blocked, id=110672, stack(0x000000eb50100000,0x000000eb50200000)]
  0x000002587e996ce0 JavaThread "Attach Listener" daemon [_thread_blocked, id=112792, stack(0x000000eb50200000,0x000000eb50300000)]
  0x000002587e9975a0 JavaThread "Service Thread" daemon [_thread_blocked, id=111324, stack(0x000000eb50300000,0x000000eb50400000)]
  0x000002587e997f50 JavaThread "Monitor Deflation Thread" daemon [_thread_blocked, id=110188, stack(0x000000eb50400000,0x000000eb50500000)]
=>0x000002587e99b0f0 JavaThread "C2 CompilerThread0" daemon [_thread_in_native, id=106444, stack(0x000000eb50500000,0x000000eb50600000)]
  0x000002587e9a70a0 JavaThread "C1 CompilerThread0" daemon [_thread_blocked, id=99424, stack(0x000000eb50600000,0x000000eb50700000)]
  0x000002587e9a82a0 JavaThread "Sweeper thread" daemon [_thread_blocked, id=108380, stack(0x000000eb50700000,0x000000eb50800000)]
  0x000002587f4e3e10 JavaThread "Common-Cleaner" daemon [_thread_blocked, id=105560, stack(0x000000eb50800000,0x000000eb50900000)]
  0x000002587f4ec900 JavaThread "Notification Thread" daemon [_thread_blocked, id=94408, stack(0x000000eb50900000,0x000000eb50a00000)]
  0x00000258171a3040 JavaThread "Daemon health stats" [_thread_blocked, id=109188, stack(0x000000eb51100000,0x000000eb51200000)]
  0x00000258180ad240 JavaThread "Incoming local TCP Connector on port 60034" [_thread_in_native, id=110848, stack(0x000000eb51200000,0x000000eb51300000)]
  0x000002587ff25b60 JavaThread "Daemon periodic checks" [_thread_blocked, id=111880, stack(0x000000eb51300000,0x000000eb51400000)]
  0x0000025816bad2a0 JavaThread "Daemon" [_thread_blocked, id=87956, stack(0x000000eb51400000,0x000000eb51500000)]
  0x0000025817c73680 JavaThread "Handler for socket connection from /127.0.0.1:60034 to /127.0.0.1:60035" [_thread_in_native, id=113288, stack(0x000000eb51500000,0x000000eb51600000)]
  0x000002587ff46db0 JavaThread "Cancel handler" [_thread_blocked, id=108784, stack(0x000000eb51600000,0x000000eb51700000)]
  0x000002587ff48f60 JavaThread "Daemon worker" [_thread_blocked, id=105220, stack(0x000000eb51700000,0x000000eb51800000)]
  0x000002587ff49430 JavaThread "Asynchronous log dispatcher for DefaultDaemonConnection: socket connection from /127.0.0.1:60034 to /127.0.0.1:60035" [_thread_blocked, id=108492, stack(0x000000eb51800000,0x000000eb51900000)]
  0x000002587ff49900 JavaThread "Stdin handler" [_thread_blocked, id=94760, stack(0x000000eb51900000,0x000000eb51a00000)]
  0x000002587ff47280 JavaThread "Daemon client event forwarder" [_thread_blocked, id=92528, stack(0x000000eb51a00000,0x000000eb51b00000)]
  0x000002587ff46410 JavaThread "Cache worker for journal cache (C:\Users\Laptop\.gradle\caches\journal-1)" [_thread_blocked, id=109708, stack(0x000000eb51b00000,0x000000eb51c00000)]
  0x000002587ff49dd0 JavaThread "File lock request listener" [_thread_in_native, id=79232, stack(0x000000eb51c00000,0x000000eb51d00000)]
  0x000002587ff485c0 JavaThread "Cache worker for file hash cache (C:\Users\Laptop\.gradle\caches\7.6\fileHashes)" [_thread_blocked, id=80456, stack(0x000000eb51d00000,0x000000eb51e00000)]
  0x000002587ff468e0 JavaThread "File watcher server" daemon [_thread_in_native, id=105284, stack(0x000000eb51e00000,0x000000eb51f00000)]
  0x000002587ff47750 JavaThread "File watcher consumer" daemon [_thread_blocked, id=106488, stack(0x000000eb51f00000,0x000000eb52000000)]
  0x000002587ff480f0 JavaThread "jar transforms" [_thread_in_Java, id=104636, stack(0x000000eb52000000,0x000000eb52100000)]
  0x000002587ff47c20 JavaThread "jar transforms Thread 2" [_thread_in_native, id=96240, stack(0x000000eb52100000,0x000000eb52200000)]
  0x000002587ff48a90 JavaThread "jar transforms Thread 3" [_thread_blocked, id=88072, stack(0x000000eb52200000,0x000000eb52300000)]
  0x0000025819e3b440 JavaThread "jar transforms Thread 4" [_thread_blocked, id=112900, stack(0x000000eb52300000,0x000000eb52400000)]
  0x0000025819e39c30 JavaThread "jar transforms Thread 5" [_thread_blocked, id=111096, stack(0x000000eb52400000,0x000000eb52500000)]
  0x0000025819e3c780 JavaThread "jar transforms Thread 6" [_thread_blocked, id=83260, stack(0x000000eb52500000,0x000000eb52600000)]
  0x0000025819e3d120 JavaThread "Cache worker for checksums cache (D:\Programming\Projects\Spring Fundamentals\mobilele\.gradle\7.6\checksums)" [_thread_blocked, id=108300, stack(0x000000eb52600000,0x000000eb52700000)]
  0x0000025819e3af70 JavaThread "Cache worker for cache directory md-rule (C:\Users\Laptop\.gradle\caches\7.6\md-rule)" [_thread_blocked, id=40028, stack(0x000000eb52700000,0x000000eb52800000)]
  0x0000025819e3aaa0 JavaThread "Cache worker for file content cache (C:\Users\Laptop\.gradle\caches\7.6\fileContent)" [_thread_blocked, id=105660, stack(0x000000eb52800000,0x000000eb52900000)]
  0x0000025819e3dac0 JavaThread "Cache worker for file hash cache (D:\Programming\Projects\Spring Fundamentals\mobilele\.gradle\7.6\fileHashes)" [_thread_blocked, id=111144, stack(0x000000eb52900000,0x000000eb52a00000)]
  0x0000025819e3df90 JavaThread "Cache worker for cache directory md-supplier (C:\Users\Laptop\.gradle\caches\7.6\md-supplier)" [_thread_blocked, id=101404, stack(0x000000eb52a00000,0x000000eb52b00000)]
  0x0000025819e3e460 JavaThread "Cache worker for execution history cache (C:\Users\Laptop\.gradle\caches\7.6\executionHistory)" [_thread_blocked, id=109716, stack(0x000000eb52b00000,0x000000eb52c00000)]
  0x000002581a44c6d0 JavaThread "C2 CompilerThread1" daemon [_thread_in_native, id=89224, stack(0x000000eb52c00000,0x000000eb52d00000)]

Other Threads:
  0x000002587e976fe0 VMThread "VM Thread" [stack: 0x000000eb4fe00000,0x000000eb4ff00000] [id=106420]
  0x000002587f4f1c10 WatcherThread [stack: 0x000000eb50a00000,0x000000eb50b00000] [id=113112]
  0x000002587acec730 GCTaskThread "GC Thread#0" [stack: 0x000000eb4f900000,0x000000eb4fa00000] [id=79780]
  0x000002587fd5f5d0 GCTaskThread "GC Thread#1" [stack: 0x000000eb50c00000,0x000000eb50d00000] [id=74908]
  0x000002587fd5fb30 GCTaskThread "GC Thread#2" [stack: 0x000000eb50d00000,0x000000eb50e00000] [id=101372]
  0x000002587fd60e00 GCTaskThread "GC Thread#3" [stack: 0x000000eb50e00000,0x000000eb50f00000] [id=110540]
  0x000002587fd5f320 GCTaskThread "GC Thread#4" [stack: 0x000000eb50f00000,0x000000eb51000000] [id=63080]
  0x000002587fd5fde0 GCTaskThread "GC Thread#5" [stack: 0x000000eb51000000,0x000000eb51100000] [id=101228]
  0x000002587acf1670 ConcurrentGCThread "G1 Main Marker" [stack: 0x000000eb4fa00000,0x000000eb4fb00000] [id=56560]
  0x000002587acf21e0 ConcurrentGCThread "G1 Conc#0" [stack: 0x000000eb4fb00000,0x000000eb4fc00000] [id=114584]
  0x000002581836b590 ConcurrentGCThread "G1 Conc#1" [stack: 0x000000eb50b00000,0x000000eb50c00000] [id=113740]
  0x000002587ad8d770 ConcurrentGCThread "G1 Refine#0" [stack: 0x000000eb4fc00000,0x000000eb4fd00000] [id=113964]
  0x000002587ad8e030 ConcurrentGCThread "G1 Service" [stack: 0x000000eb4fd00000,0x000000eb4fe00000] [id=99888]

Threads with active compile tasks:
C2 CompilerThread0    23526 5081 %     4       org.objectweb.asm.ClassReader::readCode @ 2186 (5109 bytes)
C2 CompilerThread1    23526 5078       4       org.gradle.internal.classpath.ClasspathBuilder$ZipEntryBuilder::maybeAddParent (50 bytes)

VM state: not at safepoint (normal execution)

VM Mutex/Monitor currently owned by a thread: None

Heap address: 0x00000000e0000000, size: 512 MB, Compressed Oops mode: 32-bit

CDS archive(s) mapped at: [0x0000000800000000-0x0000000800bc0000-0x0000000800bc0000), size 12320768, SharedBaseAddress: 0x0000000800000000, ArchiveRelocationMode: 0.
Compressed class space mapped at: 0x0000000800c00000-0x000000080dc00000, reserved size: 218103808
Narrow klass base: 0x0000000800000000, Narrow klass shift: 0, Narrow klass range: 0x100000000

GC Precious Log:
 CPUs: 6 total, 6 available
 Memory: 7549M
 Large Page Support: Disabled
 NUMA Support: Disabled
 Compressed Oops: Enabled (32-bit)
 Heap Region Size: 1M
 Heap Min Capacity: 256M
 Heap Initial Capacity: 256M
 Heap Max Capacity: 512M
 Pre-touch: Disabled
 Parallel Workers: 6
 Concurrent Workers: 2
 Concurrent Refinement Workers: 6
 Periodic GC: Disabled

Heap:
 garbage-first heap   total 262144K, used 97087K [0x00000000e0000000, 0x0000000100000000)
  region size 1024K, 42 young (43008K), 12 survivors (12288K)
 Metaspace       used 36012K, committed 36416K, reserved 245760K
  class space    used 4999K, committed 5184K, reserved 212992K

Heap Regions: E=young(eden), S=young(survivor), O=old, HS=humongous(starts), HC=humongous(continues), CS=collection set, F=free, OA=open archive, CA=closed archive, TAMS=top-at-mark-start (previous, next)
|   0|0x00000000e0000000, 0x00000000e0100000, 0x00000000e0100000|100%|HS|  |TAMS 0x00000000e0100000, 0x00000000e0000000| Complete 
|   1|0x00000000e0100000, 0x00000000e0200000, 0x00000000e0200000|100%|HC|  |TAMS 0x00000000e0200000, 0x00000000e0100000| Complete 
|   2|0x00000000e0200000, 0x00000000e0300000, 0x00000000e0300000|100%|HC|  |TAMS 0x00000000e0300000, 0x00000000e0200000| Complete 
|   3|0x00000000e0300000, 0x00000000e0400000, 0x00000000e0400000|100%| O|  |TAMS 0x00000000e0300000, 0x00000000e0300000| Untracked 
|   4|0x00000000e0400000, 0x00000000e0500000, 0x00000000e0500000|100%| O|  |TAMS 0x00000000e0500000, 0x00000000e0400000| Untracked 
|   5|0x00000000e0500000, 0x00000000e0600000, 0x00000000e0600000|100%| O|  |TAMS 0x00000000e0600000, 0x00000000e0500000| Untracked 
|   6|0x00000000e0600000, 0x00000000e0700000, 0x00000000e0700000|100%| O|  |TAMS 0x00000000e0700000, 0x00000000e0600000| Untracked 
|   7|0x00000000e0700000, 0x00000000e0800000, 0x00000000e0800000|100%| O|  |TAMS 0x00000000e0800000, 0x00000000e0700000| Untracked 
|   8|0x00000000e0800000, 0x00000000e0900000, 0x00000000e0900000|100%| O|  |TAMS 0x00000000e0900000, 0x00000000e0800000| Untracked 
|   9|0x00000000e0900000, 0x00000000e09cfe00, 0x00000000e0a00000| 81%| O|  |TAMS 0x00000000e0900000, 0x00000000e0900000| Untracked 
|  10|0x00000000e0a00000, 0x00000000e0b00000, 0x00000000e0b00000|100%|HS|  |TAMS 0x00000000e0b00000, 0x00000000e0a00000| Complete 
|  11|0x00000000e0b00000, 0x00000000e0c00000, 0x00000000e0c00000|100%|HC|  |TAMS 0x00000000e0c00000, 0x00000000e0b00000| Complete 
|  12|0x00000000e0c00000, 0x00000000e0d00000, 0x00000000e0d00000|100%|HS|  |TAMS 0x00000000e0d00000, 0x00000000e0c00000| Complete 
|  13|0x00000000e0d00000, 0x00000000e0e00000, 0x00000000e0e00000|100%|HC|  |TAMS 0x00000000e0e00000, 0x00000000e0d00000| Complete 
|  14|0x00000000e0e00000, 0x00000000e0f00000, 0x00000000e0f00000|100%|HC|  |TAMS 0x00000000e0f00000, 0x00000000e0e00000| Complete 
|  15|0x00000000e0f00000, 0x00000000e1000000, 0x00000000e1000000|100%|HS|  |TAMS 0x00000000e1000000, 0x00000000e0f00000| Complete 
|  16|0x00000000e1000000, 0x00000000e1100000, 0x00000000e1100000|100%|HS|  |TAMS 0x00000000e1100000, 0x00000000e1000000| Complete 
|  17|0x00000000e1100000, 0x00000000e1200000, 0x00000000e1200000|100%|HC|  |TAMS 0x00000000e1200000, 0x00000000e1100000| Complete 
|  18|0x00000000e1200000, 0x00000000e1300000, 0x00000000e1300000|100%|HC|  |TAMS 0x00000000e1300000, 0x00000000e1200000| Complete 
|  19|0x00000000e1300000, 0x00000000e1400000, 0x00000000e1400000|100%|HC|  |TAMS 0x00000000e1400000, 0x00000000e1300000| Complete 
|  20|0x00000000e1400000, 0x00000000e1500000, 0x00000000e1500000|100%|HS|  |TAMS 0x00000000e1500000, 0x00000000e1400000| Complete 
|  21|0x00000000e1500000, 0x00000000e1600000, 0x00000000e1600000|100%|HC|  |TAMS 0x00000000e1600000, 0x00000000e1500000| Complete 
|  22|0x00000000e1600000, 0x00000000e1700000, 0x00000000e1700000|100%|HC|  |TAMS 0x00000000e1700000, 0x00000000e1600000| Complete 
|  23|0x00000000e1700000, 0x00000000e1800000, 0x00000000e1800000|100%|HC|  |TAMS 0x00000000e1800000, 0x00000000e1700000| Complete 
|  24|0x00000000e1800000, 0x00000000e1900000, 0x00000000e1900000|100%| O|  |TAMS 0x00000000e1900000, 0x00000000e1800000| Untracked 
|  25|0x00000000e1900000, 0x00000000e1a00000, 0x00000000e1a00000|100%| O|  |TAMS 0x00000000e1a00000, 0x00000000e1900000| Untracked 
|  26|0x00000000e1a00000, 0x00000000e1b00000, 0x00000000e1b00000|100%| O|  |TAMS 0x00000000e1b00000, 0x00000000e1a00000| Untracked 
|  27|0x00000000e1b00000, 0x00000000e1c00000, 0x00000000e1c00000|100%| O|  |TAMS 0x00000000e1c00000, 0x00000000e1b00000| Untracked 
|  28|0x00000000e1c00000, 0x00000000e1d00000, 0x00000000e1d00000|100%| O|  |TAMS 0x00000000e1d00000, 0x00000000e1c00000| Untracked 
|  29|0x00000000e1d00000, 0x00000000e1e00000, 0x00000000e1e00000|100%| O|  |TAMS 0x00000000e1e00000, 0x00000000e1d00000| Untracked 
|  30|0x00000000e1e00000, 0x00000000e1f00000, 0x00000000e1f00000|100%|HS|  |TAMS 0x00000000e1e00000, 0x00000000e1e00000| Complete 
|  31|0x00000000e1f00000, 0x00000000e1f00000, 0x00000000e2000000|  0%| F|  |TAMS 0x00000000e1f00000, 0x00000000e1f00000| Untracked 
|  32|0x00000000e2000000, 0x00000000e2000000, 0x00000000e2100000|  0%| F|  |TAMS 0x00000000e2000000, 0x00000000e2000000| Untracked 
|  33|0x00000000e2100000, 0x00000000e2100000, 0x00000000e2200000|  0%| F|  |TAMS 0x00000000e2100000, 0x00000000e2100000| Untracked 
|  34|0x00000000e2200000, 0x00000000e2300000, 0x00000000e2300000|100%| O|  |TAMS 0x00000000e2300000, 0x00000000e2200000| Untracked 
|  35|0x00000000e2300000, 0x00000000e2400000, 0x00000000e2400000|100%| O|  |TAMS 0x00000000e2400000, 0x00000000e2300000| Untracked 
|  36|0x00000000e2400000, 0x00000000e2500000, 0x00000000e2500000|100%| O|  |TAMS 0x00000000e2500000, 0x00000000e2400000| Untracked 
|  37|0x00000000e2500000, 0x00000000e2600000, 0x00000000e2600000|100%| O|  |TAMS 0x00000000e2600000, 0x00000000e2500000| Untracked 
|  38|0x00000000e2600000, 0x00000000e2700000, 0x00000000e2700000|100%| O|  |TAMS 0x00000000e2700000, 0x00000000e2600000| Untracked 
|  39|0x00000000e2700000, 0x00000000e2800000, 0x00000000e2800000|100%| O|  |TAMS 0x00000000e2800000, 0x00000000e2700000| Untracked 
|  40|0x00000000e2800000, 0x00000000e2900000, 0x00000000e2900000|100%| O|  |TAMS 0x00000000e2900000, 0x00000000e2800000| Untracked 
|  41|0x00000000e2900000, 0x00000000e2a00000, 0x00000000e2a00000|100%| O|  |TAMS 0x00000000e2a00000, 0x00000000e2900000| Untracked 
|  42|0x00000000e2a00000, 0x00000000e2b00000, 0x00000000e2b00000|100%| O|  |TAMS 0x00000000e2b00000, 0x00000000e2a00000| Untracked 
|  43|0x00000000e2b00000, 0x00000000e2c00000, 0x00000000e2c00000|100%| O|  |TAMS 0x00000000e2c00000, 0x00000000e2b00000| Untracked 
|  44|0x00000000e2c00000, 0x00000000e2d00000, 0x00000000e2d00000|100%| O|  |TAMS 0x00000000e2d00000, 0x00000000e2c00000| Untracked 
|  45|0x00000000e2d00000, 0x00000000e2e00000, 0x00000000e2e00000|100%| O|  |TAMS 0x00000000e2e00000, 0x00000000e2d00000| Untracked 
|  46|0x00000000e2e00000, 0x00000000e2f00000, 0x00000000e2f00000|100%| O|  |TAMS 0x00000000e2f00000, 0x00000000e2e00000| Untracked 
|  47|0x00000000e2f00000, 0x00000000e3000000, 0x00000000e3000000|100%| O|  |TAMS 0x00000000e3000000, 0x00000000e2f00000| Untracked 
|  48|0x00000000e3000000, 0x00000000e3100000, 0x00000000e3100000|100%| O|  |TAMS 0x00000000e3100000, 0x00000000e3000000| Untracked 
|  49|0x00000000e3100000, 0x00000000e3100000, 0x00000000e3200000|  0%| F|  |TAMS 0x00000000e3100000, 0x00000000e3100000| Untracked 
|  50|0x00000000e3200000, 0x00000000e3300000, 0x00000000e3300000|100%| O|  |TAMS 0x00000000e32edc00, 0x00000000e3200000| Untracked 
|  51|0x00000000e3300000, 0x00000000e3300000, 0x00000000e3400000|  0%| F|  |TAMS 0x00000000e3300000, 0x00000000e3300000| Untracked 
|  52|0x00000000e3400000, 0x00000000e3400000, 0x00000000e3500000|  0%| F|  |TAMS 0x00000000e3400000, 0x00000000e3400000| Untracked 
|  53|0x00000000e3500000, 0x00000000e3500000, 0x00000000e3600000|  0%| F|  |TAMS 0x00000000e3500000, 0x00000000e3500000| Untracked 
|  54|0x00000000e3600000, 0x00000000e3600000, 0x00000000e3700000|  0%| F|  |TAMS 0x00000000e3600000, 0x00000000e3600000| Untracked 
|  55|0x00000000e3700000, 0x00000000e3700000, 0x00000000e3800000|  0%| F|  |TAMS 0x00000000e3700000, 0x00000000e3700000| Untracked 
|  56|0x00000000e3800000, 0x00000000e3800000, 0x00000000e3900000|  0%| F|  |TAMS 0x00000000e3800000, 0x00000000e3800000| Untracked 
|  57|0x00000000e3900000, 0x00000000e3900000, 0x00000000e3a00000|  0%| F|  |TAMS 0x00000000e3900000, 0x00000000e3900000| Untracked 
|  58|0x00000000e3a00000, 0x00000000e3a00000, 0x00000000e3b00000|  0%| F|  |TAMS 0x00000000e3a00000, 0x00000000e3a00000| Untracked 
|  59|0x00000000e3b00000, 0x00000000e3c00000, 0x00000000e3c00000|100%|HS|  |TAMS 0x00000000e3b00000, 0x00000000e3b00000| Complete 
|  60|0x00000000e3c00000, 0x00000000e3d00000, 0x00000000e3d00000|100%|HC|  |TAMS 0x00000000e3c00000, 0x00000000e3c00000| Complete 
|  61|0x00000000e3d00000, 0x00000000e3e00000, 0x00000000e3e00000|100%|HC|  |TAMS 0x00000000e3d00000, 0x00000000e3d00000| Complete 
|  62|0x00000000e3e00000, 0x00000000e3f00000, 0x00000000e3f00000|100%|HS|  |TAMS 0x00000000e3e00000, 0x00000000e3e00000| Complete 
|  63|0x00000000e3f00000, 0x00000000e4000000, 0x00000000e4000000|100%|HC|  |TAMS 0x00000000e3f00000, 0x00000000e3f00000| Complete 
|  64|0x00000000e4000000, 0x00000000e4100000, 0x00000000e4100000|100%|HC|  |TAMS 0x00000000e4000000, 0x00000000e4000000| Complete 
|  65|0x00000000e4100000, 0x00000000e4200000, 0x00000000e4200000|100%|HC|  |TAMS 0x00000000e4100000, 0x00000000e4100000| Complete 
|  66|0x00000000e4200000, 0x00000000e4200000, 0x00000000e4300000|  0%| F|  |TAMS 0x00000000e4200000, 0x00000000e4200000| Untracked 
|  67|0x00000000e4300000, 0x00000000e4300000, 0x00000000e4400000|  0%| F|  |TAMS 0x00000000e4300000, 0x00000000e4300000| Untracked 
|  68|0x00000000e4400000, 0x00000000e4400000, 0x00000000e4500000|  0%| F|  |TAMS 0x00000000e4400000, 0x00000000e4400000| Untracked 
|  69|0x00000000e4500000, 0x00000000e4500000, 0x00000000e4600000|  0%| F|  |TAMS 0x00000000e4500000, 0x00000000e4500000| Untracked 
|  70|0x00000000e4600000, 0x00000000e4600000, 0x00000000e4700000|  0%| F|  |TAMS 0x00000000e4600000, 0x00000000e4600000| Untracked 
|  71|0x00000000e4700000, 0x00000000e4700000, 0x00000000e4800000|  0%| F|  |TAMS 0x00000000e4700000, 0x00000000e4700000| Untracked 
|  72|0x00000000e4800000, 0x00000000e4800000, 0x00000000e4900000|  0%| F|  |TAMS 0x00000000e4800000, 0x00000000e4800000| Untracked 
|  73|0x00000000e4900000, 0x00000000e4900000, 0x00000000e4a00000|  0%| F|  |TAMS 0x00000000e4900000, 0x00000000e4900000| Untracked 
|  74|0x00000000e4a00000, 0x00000000e4a00000, 0x00000000e4b00000|  0%| F|  |TAMS 0x00000000e4a00000, 0x00000000e4a00000| Untracked 
|  75|0x00000000e4b00000, 0x00000000e4b00000, 0x00000000e4c00000|  0%| F|  |TAMS 0x00000000e4b00000, 0x00000000e4b00000| Untracked 
|  76|0x00000000e4c00000, 0x00000000e4c00000, 0x00000000e4d00000|  0%| F|  |TAMS 0x00000000e4c00000, 0x00000000e4c00000| Untracked 
|  77|0x00000000e4d00000, 0x00000000e4d00000, 0x00000000e4e00000|  0%| F|  |TAMS 0x00000000e4d00000, 0x00000000e4d00000| Untracked 
|  78|0x00000000e4e00000, 0x00000000e4e00000, 0x00000000e4f00000|  0%| F|  |TAMS 0x00000000e4e00000, 0x00000000e4e00000| Untracked 
|  79|0x00000000e4f00000, 0x00000000e4f00000, 0x00000000e5000000|  0%| F|  |TAMS 0x00000000e4f00000, 0x00000000e4f00000| Untracked 
|  80|0x00000000e5000000, 0x00000000e5000000, 0x00000000e5100000|  0%| F|  |TAMS 0x00000000e5000000, 0x00000000e5000000| Untracked 
|  81|0x00000000e5100000, 0x00000000e5100000, 0x00000000e5200000|  0%| F|  |TAMS 0x00000000e5100000, 0x00000000e5100000| Untracked 
|  82|0x00000000e5200000, 0x00000000e5200000, 0x00000000e5300000|  0%| F|  |TAMS 0x00000000e5200000, 0x00000000e5200000| Untracked 
|  83|0x00000000e5300000, 0x00000000e5300000, 0x00000000e5400000|  0%| F|  |TAMS 0x00000000e5300000, 0x00000000e5300000| Untracked 
|  84|0x00000000e5400000, 0x00000000e5400000, 0x00000000e5500000|  0%| F|  |TAMS 0x00000000e5400000, 0x00000000e5400000| Untracked 
|  85|0x00000000e5500000, 0x00000000e5500000, 0x00000000e5600000|  0%| F|  |TAMS 0x00000000e5500000, 0x00000000e5500000| Untracked 
|  86|0x00000000e5600000, 0x00000000e5600000, 0x00000000e5700000|  0%| F|  |TAMS 0x00000000e5600000, 0x00000000e5600000| Untracked 
|  87|0x00000000e5700000, 0x00000000e5700000, 0x00000000e5800000|  0%| F|  |TAMS 0x00000000e5700000, 0x00000000e5700000| Untracked 
|  88|0x00000000e5800000, 0x00000000e5800000, 0x00000000e5900000|  0%| F|  |TAMS 0x00000000e5800000, 0x00000000e5800000| Untracked 
|  89|0x00000000e5900000, 0x00000000e5900000, 0x00000000e5a00000|  0%| F|  |TAMS 0x00000000e5900000, 0x00000000e5900000| Untracked 
|  90|0x00000000e5a00000, 0x00000000e5a00000, 0x00000000e5b00000|  0%| F|  |TAMS 0x00000000e5a00000, 0x00000000e5a00000| Untracked 
|  91|0x00000000e5b00000, 0x00000000e5c00000, 0x00000000e5c00000|100%| S|CS|TAMS 0x00000000e5b00000, 0x00000000e5b00000| Complete 
|  92|0x00000000e5c00000, 0x00000000e5d00000, 0x00000000e5d00000|100%| S|CS|TAMS 0x00000000e5c00000, 0x00000000e5c00000| Complete 
|  93|0x00000000e5d00000, 0x00000000e5e00000, 0x00000000e5e00000|100%| S|CS|TAMS 0x00000000e5d00000, 0x00000000e5d00000| Complete 
|  94|0x00000000e5e00000, 0x00000000e5f00000, 0x00000000e5f00000|100%| S|CS|TAMS 0x00000000e5e00000, 0x00000000e5e00000| Complete 
|  95|0x00000000e5f00000, 0x00000000e6000000, 0x00000000e6000000|100%| S|CS|TAMS 0x00000000e5f00000, 0x00000000e5f00000| Complete 
|  96|0x00000000e6000000, 0x00000000e6100000, 0x00000000e6100000|100%| S|CS|TAMS 0x00000000e6000000, 0x00000000e6000000| Complete 
|  97|0x00000000e6100000, 0x00000000e6200000, 0x00000000e6200000|100%| S|CS|TAMS 0x00000000e6100000, 0x00000000e6100000| Complete 
|  98|0x00000000e6200000, 0x00000000e6200000, 0x00000000e6300000|  0%| F|  |TAMS 0x00000000e6200000, 0x00000000e6200000| Untracked 
|  99|0x00000000e6300000, 0x00000000e6400000, 0x00000000e6400000|100%| S|CS|TAMS 0x00000000e6300000, 0x00000000e6300000| Complete 
| 100|0x00000000e6400000, 0x00000000e6400000, 0x00000000e6500000|  0%| F|  |TAMS 0x00000000e6400000, 0x00000000e6400000| Untracked 
| 101|0x00000000e6500000, 0x00000000e6500000, 0x00000000e6600000|  0%| F|  |TAMS 0x00000000e6500000, 0x00000000e6500000| Untracked 
| 102|0x00000000e6600000, 0x00000000e6600000, 0x00000000e6700000|  0%| F|  |TAMS 0x00000000e6600000, 0x00000000e6600000| Untracked 
| 103|0x00000000e6700000, 0x00000000e6800000, 0x00000000e6800000|100%| S|CS|TAMS 0x00000000e6700000, 0x00000000e6700000| Complete 
| 104|0x00000000e6800000, 0x00000000e6900000, 0x00000000e6900000|100%| S|CS|TAMS 0x00000000e6800000, 0x00000000e6800000| Complete 
| 105|0x00000000e6900000, 0x00000000e6a00000, 0x00000000e6a00000|100%| S|CS|TAMS 0x00000000e6900000, 0x00000000e6900000| Complete 
| 106|0x00000000e6a00000, 0x00000000e6a00000, 0x00000000e6b00000|  0%| F|  |TAMS 0x00000000e6a00000, 0x00000000e6a00000| Untracked 
| 107|0x00000000e6b00000, 0x00000000e6b00000, 0x00000000e6c00000|  0%| F|  |TAMS 0x00000000e6b00000, 0x00000000e6b00000| Untracked 
| 108|0x00000000e6c00000, 0x00000000e6c00000, 0x00000000e6d00000|  0%| F|  |TAMS 0x00000000e6c00000, 0x00000000e6c00000| Untracked 
| 109|0x00000000e6d00000, 0x00000000e6d00000, 0x00000000e6e00000|  0%| F|  |TAMS 0x00000000e6d00000, 0x00000000e6d00000| Untracked 
| 110|0x00000000e6e00000, 0x00000000e6e00000, 0x00000000e6f00000|  0%| F|  |TAMS 0x00000000e6e00000, 0x00000000e6e00000| Untracked 
| 111|0x00000000e6f00000, 0x00000000e6f00000, 0x00000000e7000000|  0%| F|  |TAMS 0x00000000e6f00000, 0x00000000e6f00000| Untracked 
| 112|0x00000000e7000000, 0x00000000e7100000, 0x00000000e7100000|100%| S|CS|TAMS 0x00000000e7000000, 0x00000000e7000000| Complete 
| 113|0x00000000e7100000, 0x00000000e7100000, 0x00000000e7200000|  0%| F|  |TAMS 0x00000000e7100000, 0x00000000e7100000| Untracked 
| 114|0x00000000e7200000, 0x00000000e7200000, 0x00000000e7300000|  0%| F|  |TAMS 0x00000000e7200000, 0x00000000e7200000| Untracked 
| 115|0x00000000e7300000, 0x00000000e7300000, 0x00000000e7400000|  0%| F|  |TAMS 0x00000000e7300000, 0x00000000e7300000| Untracked 
| 116|0x00000000e7400000, 0x00000000e7400000, 0x00000000e7500000|  0%| F|  |TAMS 0x00000000e7400000, 0x00000000e7400000| Untracked 
| 117|0x00000000e7500000, 0x00000000e7500000, 0x00000000e7600000|  0%| F|  |TAMS 0x00000000e7500000, 0x00000000e7500000| Untracked 
| 118|0x00000000e7600000, 0x00000000e7600000, 0x00000000e7700000|  0%| F|  |TAMS 0x00000000e7600000, 0x00000000e7600000| Untracked 
| 119|0x00000000e7700000, 0x00000000e7700000, 0x00000000e7800000|  0%| F|  |TAMS 0x00000000e7700000, 0x00000000e7700000| Untracked 
| 120|0x00000000e7800000, 0x00000000e7800000, 0x00000000e7900000|  0%| F|  |TAMS 0x00000000e7800000, 0x00000000e7800000| Untracked 
| 121|0x00000000e7900000, 0x00000000e7900000, 0x00000000e7a00000|  0%| F|  |TAMS 0x00000000e7900000, 0x00000000e7900000| Untracked 
| 122|0x00000000e7a00000, 0x00000000e7a00000, 0x00000000e7b00000|  0%| F|  |TAMS 0x00000000e7a00000, 0x00000000e7a00000| Untracked 
| 123|0x00000000e7b00000, 0x00000000e7b00000, 0x00000000e7c00000|  0%| F|  |TAMS 0x00000000e7b00000, 0x00000000e7b00000| Untracked 
| 124|0x00000000e7c00000, 0x00000000e7c00000, 0x00000000e7d00000|  0%| F|  |TAMS 0x00000000e7c00000, 0x00000000e7c00000| Untracked 
| 125|0x00000000e7d00000, 0x00000000e7d00000, 0x00000000e7e00000|  0%| F|  |TAMS 0x00000000e7d00000, 0x00000000e7d00000| Untracked 
| 126|0x00000000e7e00000, 0x00000000e7e00000, 0x00000000e7f00000|  0%| F|  |TAMS 0x00000000e7e00000, 0x00000000e7e00000| Untracked 
| 127|0x00000000e7f00000, 0x00000000e7f00000, 0x00000000e8000000|  0%| F|  |TAMS 0x00000000e7f00000, 0x00000000e7f00000| Untracked 
| 128|0x00000000e8000000, 0x00000000e8000000, 0x00000000e8100000|  0%| F|  |TAMS 0x00000000e8000000, 0x00000000e8000000| Untracked 
| 129|0x00000000e8100000, 0x00000000e8100000, 0x00000000e8200000|  0%| F|  |TAMS 0x00000000e8100000, 0x00000000e8100000| Untracked 
| 130|0x00000000e8200000, 0x00000000e8200000, 0x00000000e8300000|  0%| F|  |TAMS 0x00000000e8200000, 0x00000000e8200000| Untracked 
| 131|0x00000000e8300000, 0x00000000e8300000, 0x00000000e8400000|  0%| F|  |TAMS 0x00000000e8300000, 0x00000000e8300000| Untracked 
| 132|0x00000000e8400000, 0x00000000e8400000, 0x00000000e8500000|  0%| F|  |TAMS 0x00000000e8400000, 0x00000000e8400000| Untracked 
| 133|0x00000000e8500000, 0x00000000e8500000, 0x00000000e8600000|  0%| F|  |TAMS 0x00000000e8500000, 0x00000000e8500000| Untracked 
| 134|0x00000000e8600000, 0x00000000e8600000, 0x00000000e8700000|  0%| F|  |TAMS 0x00000000e8600000, 0x00000000e8600000| Untracked 
| 135|0x00000000e8700000, 0x00000000e8700000, 0x00000000e8800000|  0%| F|  |TAMS 0x00000000e8700000, 0x00000000e8700000| Untracked 
| 136|0x00000000e8800000, 0x00000000e8800000, 0x00000000e8900000|  0%| F|  |TAMS 0x00000000e8800000, 0x00000000e8800000| Untracked 
| 137|0x00000000e8900000, 0x00000000e8900000, 0x00000000e8a00000|  0%| F|  |TAMS 0x00000000e8900000, 0x00000000e8900000| Untracked 
| 138|0x00000000e8a00000, 0x00000000e8a00000, 0x00000000e8b00000|  0%| F|  |TAMS 0x00000000e8a00000, 0x00000000e8a00000| Untracked 
| 139|0x00000000e8b00000, 0x00000000e8b00000, 0x00000000e8c00000|  0%| F|  |TAMS 0x00000000e8b00000, 0x00000000e8b00000| Untracked 
| 140|0x00000000e8c00000, 0x00000000e8c00000, 0x00000000e8d00000|  0%| F|  |TAMS 0x00000000e8c00000, 0x00000000e8c00000| Untracked 
| 141|0x00000000e8d00000, 0x00000000e8d00000, 0x00000000e8e00000|  0%| F|  |TAMS 0x00000000e8d00000, 0x00000000e8d00000| Untracked 
| 142|0x00000000e8e00000, 0x00000000e8e00000, 0x00000000e8f00000|  0%| F|  |TAMS 0x00000000e8e00000, 0x00000000e8e00000| Untracked 
| 143|0x00000000e8f00000, 0x00000000e8f00000, 0x00000000e9000000|  0%| F|  |TAMS 0x00000000e8f00000, 0x00000000e8f00000| Untracked 
| 144|0x00000000e9000000, 0x00000000e9000000, 0x00000000e9100000|  0%| F|  |TAMS 0x00000000e9000000, 0x00000000e9000000| Untracked 
| 145|0x00000000e9100000, 0x00000000e9100000, 0x00000000e9200000|  0%| F|  |TAMS 0x00000000e9100000, 0x00000000e9100000| Untracked 
| 146|0x00000000e9200000, 0x00000000e9200000, 0x00000000e9300000|  0%| F|  |TAMS 0x00000000e9200000, 0x00000000e9200000| Untracked 
| 147|0x00000000e9300000, 0x00000000e9300000, 0x00000000e9400000|  0%| F|  |TAMS 0x00000000e9300000, 0x00000000e9300000| Untracked 
| 148|0x00000000e9400000, 0x00000000e9400000, 0x00000000e9500000|  0%| F|  |TAMS 0x00000000e9400000, 0x00000000e9400000| Untracked 
| 149|0x00000000e9500000, 0x00000000e9500000, 0x00000000e9600000|  0%| F|  |TAMS 0x00000000e9500000, 0x00000000e9500000| Untracked 
| 150|0x00000000e9600000, 0x00000000e9600000, 0x00000000e9700000|  0%| F|  |TAMS 0x00000000e9600000, 0x00000000e9600000| Untracked 
| 151|0x00000000e9700000, 0x00000000e9700000, 0x00000000e9800000|  0%| F|  |TAMS 0x00000000e9700000, 0x00000000e9700000| Untracked 
| 152|0x00000000e9800000, 0x00000000e9800000, 0x00000000e9900000|  0%| F|  |TAMS 0x00000000e9800000, 0x00000000e9800000| Untracked 
| 153|0x00000000e9900000, 0x00000000e9900000, 0x00000000e9a00000|  0%| F|  |TAMS 0x00000000e9900000, 0x00000000e9900000| Untracked 
| 154|0x00000000e9a00000, 0x00000000e9a00000, 0x00000000e9b00000|  0%| F|  |TAMS 0x00000000e9a00000, 0x00000000e9a00000| Untracked 
| 155|0x00000000e9b00000, 0x00000000e9b00000, 0x00000000e9c00000|  0%| F|  |TAMS 0x00000000e9b00000, 0x00000000e9b00000| Untracked 
| 156|0x00000000e9c00000, 0x00000000e9c00000, 0x00000000e9d00000|  0%| F|  |TAMS 0x00000000e9c00000, 0x00000000e9c00000| Untracked 
| 157|0x00000000e9d00000, 0x00000000e9d00000, 0x00000000e9e00000|  0%| F|  |TAMS 0x00000000e9d00000, 0x00000000e9d00000| Untracked 
| 158|0x00000000e9e00000, 0x00000000e9e00000, 0x00000000e9f00000|  0%| F|  |TAMS 0x00000000e9e00000, 0x00000000e9e00000| Untracked 
| 159|0x00000000e9f00000, 0x00000000e9f00000, 0x00000000ea000000|  0%| F|  |TAMS 0x00000000e9f00000, 0x00000000e9f00000| Untracked 
| 160|0x00000000ea000000, 0x00000000ea000000, 0x00000000ea100000|  0%| F|  |TAMS 0x00000000ea000000, 0x00000000ea000000| Untracked 
| 161|0x00000000ea100000, 0x00000000ea100000, 0x00000000ea200000|  0%| F|  |TAMS 0x00000000ea100000, 0x00000000ea100000| Untracked 
| 162|0x00000000ea200000, 0x00000000ea200000, 0x00000000ea300000|  0%| F|  |TAMS 0x00000000ea200000, 0x00000000ea200000| Untracked 
| 163|0x00000000ea300000, 0x00000000ea300000, 0x00000000ea400000|  0%| F|  |TAMS 0x00000000ea300000, 0x00000000ea300000| Untracked 
| 164|0x00000000ea400000, 0x00000000ea400000, 0x00000000ea500000|  0%| F|  |TAMS 0x00000000ea400000, 0x00000000ea400000| Untracked 
| 165|0x00000000ea500000, 0x00000000ea500000, 0x00000000ea600000|  0%| F|  |TAMS 0x00000000ea500000, 0x00000000ea500000| Untracked 
| 166|0x00000000ea600000, 0x00000000ea600000, 0x00000000ea700000|  0%| F|  |TAMS 0x00000000ea600000, 0x00000000ea600000| Untracked 
| 167|0x00000000ea700000, 0x00000000ea700000, 0x00000000ea800000|  0%| F|  |TAMS 0x00000000ea700000, 0x00000000ea700000| Untracked 
| 168|0x00000000ea800000, 0x00000000ea800000, 0x00000000ea900000|  0%| F|  |TAMS 0x00000000ea800000, 0x00000000ea800000| Untracked 
| 169|0x00000000ea900000, 0x00000000ea900000, 0x00000000eaa00000|  0%| F|  |TAMS 0x00000000ea900000, 0x00000000ea900000| Untracked 
| 170|0x00000000eaa00000, 0x00000000eaa00000, 0x00000000eab00000|  0%| F|  |TAMS 0x00000000eaa00000, 0x00000000eaa00000| Untracked 
| 171|0x00000000eab00000, 0x00000000eab00000, 0x00000000eac00000|  0%| F|  |TAMS 0x00000000eab00000, 0x00000000eab00000| Untracked 
| 172|0x00000000eac00000, 0x00000000eac00000, 0x00000000ead00000|  0%| F|  |TAMS 0x00000000eac00000, 0x00000000eac00000| Untracked 
| 173|0x00000000ead00000, 0x00000000ead00000, 0x00000000eae00000|  0%| F|  |TAMS 0x00000000ead00000, 0x00000000ead00000| Untracked 
| 174|0x00000000eae00000, 0x00000000eae00000, 0x00000000eaf00000|  0%| F|  |TAMS 0x00000000eae00000, 0x00000000eae00000| Untracked 
| 175|0x00000000eaf00000, 0x00000000eaf00000, 0x00000000eb000000|  0%| F|  |TAMS 0x00000000eaf00000, 0x00000000eaf00000| Untracked 
| 176|0x00000000eb000000, 0x00000000eb000000, 0x00000000eb100000|  0%| F|  |TAMS 0x00000000eb000000, 0x00000000eb000000| Untracked 
| 177|0x00000000eb100000, 0x00000000eb100000, 0x00000000eb200000|  0%| F|  |TAMS 0x00000000eb100000, 0x00000000eb100000| Untracked 
| 178|0x00000000eb200000, 0x00000000eb200000, 0x00000000eb300000|  0%| F|  |TAMS 0x00000000eb200000, 0x00000000eb200000| Untracked 
| 179|0x00000000eb300000, 0x00000000eb300000, 0x00000000eb400000|  0%| F|  |TAMS 0x00000000eb300000, 0x00000000eb300000| Untracked 
| 180|0x00000000eb400000, 0x00000000eb400000, 0x00000000eb500000|  0%| F|  |TAMS 0x00000000eb400000, 0x00000000eb400000| Untracked 
| 181|0x00000000eb500000, 0x00000000eb500000, 0x00000000eb600000|  0%| F|  |TAMS 0x00000000eb500000, 0x00000000eb500000| Untracked 
| 182|0x00000000eb600000, 0x00000000eb600000, 0x00000000eb700000|  0%| F|  |TAMS 0x00000000eb600000, 0x00000000eb600000| Untracked 
| 183|0x00000000eb700000, 0x00000000eb700000, 0x00000000eb800000|  0%| F|  |TAMS 0x00000000eb700000, 0x00000000eb700000| Untracked 
| 184|0x00000000eb800000, 0x00000000eb800000, 0x00000000eb900000|  0%| F|  |TAMS 0x00000000eb800000, 0x00000000eb800000| Untracked 
| 185|0x00000000eb900000, 0x00000000eb900000, 0x00000000eba00000|  0%| F|  |TAMS 0x00000000eb900000, 0x00000000eb900000| Untracked 
| 186|0x00000000eba00000, 0x00000000eba00000, 0x00000000ebb00000|  0%| F|  |TAMS 0x00000000eba00000, 0x00000000eba00000| Untracked 
| 187|0x00000000ebb00000, 0x00000000ebb00000, 0x00000000ebc00000|  0%| F|  |TAMS 0x00000000ebb00000, 0x00000000ebb00000| Untracked 
| 188|0x00000000ebc00000, 0x00000000ebc00000, 0x00000000ebd00000|  0%| F|  |TAMS 0x00000000ebc00000, 0x00000000ebc00000| Untracked 
| 189|0x00000000ebd00000, 0x00000000ebd00000, 0x00000000ebe00000|  0%| F|  |TAMS 0x00000000ebd00000, 0x00000000ebd00000| Untracked 
| 190|0x00000000ebe00000, 0x00000000ebe00000, 0x00000000ebf00000|  0%| F|  |TAMS 0x00000000ebe00000, 0x00000000ebe00000| Untracked 
| 191|0x00000000ebf00000, 0x00000000ebf00000, 0x00000000ec000000|  0%| F|  |TAMS 0x00000000ebf00000, 0x00000000ebf00000| Untracked 
| 192|0x00000000ec000000, 0x00000000ec000000, 0x00000000ec100000|  0%| F|  |TAMS 0x00000000ec000000, 0x00000000ec000000| Untracked 
| 193|0x00000000ec100000, 0x00000000ec100000, 0x00000000ec200000|  0%| F|  |TAMS 0x00000000ec100000, 0x00000000ec100000| Untracked 
| 194|0x00000000ec200000, 0x00000000ec200000, 0x00000000ec300000|  0%| F|  |TAMS 0x00000000ec200000, 0x00000000ec200000| Untracked 
| 195|0x00000000ec300000, 0x00000000ec300000, 0x00000000ec400000|  0%| F|  |TAMS 0x00000000ec300000, 0x00000000ec300000| Untracked 
| 196|0x00000000ec400000, 0x00000000ec400000, 0x00000000ec500000|  0%| F|  |TAMS 0x00000000ec400000, 0x00000000ec400000| Untracked 
| 197|0x00000000ec500000, 0x00000000ec500000, 0x00000000ec600000|  0%| F|  |TAMS 0x00000000ec500000, 0x00000000ec500000| Untracked 
| 198|0x00000000ec600000, 0x00000000ec600000, 0x00000000ec700000|  0%| F|  |TAMS 0x00000000ec600000, 0x00000000ec600000| Untracked 
| 199|0x00000000ec700000, 0x00000000ec700000, 0x00000000ec800000|  0%| F|  |TAMS 0x00000000ec700000, 0x00000000ec700000| Untracked 
| 200|0x00000000ec800000, 0x00000000ec800000, 0x00000000ec900000|  0%| F|  |TAMS 0x00000000ec800000, 0x00000000ec800000| Untracked 
| 201|0x00000000ec900000, 0x00000000ec900000, 0x00000000eca00000|  0%| F|  |TAMS 0x00000000ec900000, 0x00000000ec900000| Untracked 
| 202|0x00000000eca00000, 0x00000000eca00000, 0x00000000ecb00000|  0%| F|  |TAMS 0x00000000eca00000, 0x00000000eca00000| Untracked 
| 203|0x00000000ecb00000, 0x00000000ecb00000, 0x00000000ecc00000|  0%| F|  |TAMS 0x00000000ecb00000, 0x00000000ecb00000| Untracked 
| 204|0x00000000ecc00000, 0x00000000ecc00000, 0x00000000ecd00000|  0%| F|  |TAMS 0x00000000ecc00000, 0x00000000ecc00000| Untracked 
| 205|0x00000000ecd00000, 0x00000000ecd00000, 0x00000000ece00000|  0%| F|  |TAMS 0x00000000ecd00000, 0x00000000ecd00000| Untracked 
| 206|0x00000000ece00000, 0x00000000ece00000, 0x00000000ecf00000|  0%| F|  |TAMS 0x00000000ece00000, 0x00000000ece00000| Untracked 
| 207|0x00000000ecf00000, 0x00000000ecf00000, 0x00000000ed000000|  0%| F|  |TAMS 0x00000000ecf00000, 0x00000000ecf00000| Untracked 
| 208|0x00000000ed000000, 0x00000000ed000000, 0x00000000ed100000|  0%| F|  |TAMS 0x00000000ed000000, 0x00000000ed000000| Untracked 
| 209|0x00000000ed100000, 0x00000000ed100000, 0x00000000ed200000|  0%| F|  |TAMS 0x00000000ed100000, 0x00000000ed100000| Untracked 
| 210|0x00000000ed200000, 0x00000000ed200000, 0x00000000ed300000|  0%| F|  |TAMS 0x00000000ed200000, 0x00000000ed200000| Untracked 
| 211|0x00000000ed300000, 0x00000000ed300000, 0x00000000ed400000|  0%| F|  |TAMS 0x00000000ed300000, 0x00000000ed300000| Untracked 
| 212|0x00000000ed400000, 0x00000000ed400000, 0x00000000ed500000|  0%| F|  |TAMS 0x00000000ed400000, 0x00000000ed400000| Untracked 
| 213|0x00000000ed500000, 0x00000000ed500000, 0x00000000ed600000|  0%| F|  |TAMS 0x00000000ed500000, 0x00000000ed500000| Untracked 
| 214|0x00000000ed600000, 0x00000000ed600000, 0x00000000ed700000|  0%| F|  |TAMS 0x00000000ed600000, 0x00000000ed600000| Untracked 
| 215|0x00000000ed700000, 0x00000000ed700000, 0x00000000ed800000|  0%| F|  |TAMS 0x00000000ed700000, 0x00000000ed700000| Untracked 
| 216|0x00000000ed800000, 0x00000000ed800000, 0x00000000ed900000|  0%| F|  |TAMS 0x00000000ed800000, 0x00000000ed800000| Untracked 
| 217|0x00000000ed900000, 0x00000000ed900000, 0x00000000eda00000|  0%| F|  |TAMS 0x00000000ed900000, 0x00000000ed900000| Untracked 
| 218|0x00000000eda00000, 0x00000000eda00000, 0x00000000edb00000|  0%| F|  |TAMS 0x00000000eda00000, 0x00000000eda00000| Untracked 
| 219|0x00000000edb00000, 0x00000000edb00000, 0x00000000edc00000|  0%| F|  |TAMS 0x00000000edb00000, 0x00000000edb00000| Untracked 
| 220|0x00000000edc00000, 0x00000000edc00000, 0x00000000edd00000|  0%| F|  |TAMS 0x00000000edc00000, 0x00000000edc00000| Untracked 
| 221|0x00000000edd00000, 0x00000000edd00000, 0x00000000ede00000|  0%| F|  |TAMS 0x00000000edd00000, 0x00000000edd00000| Untracked 
| 222|0x00000000ede00000, 0x00000000ede00000, 0x00000000edf00000|  0%| F|  |TAMS 0x00000000ede00000, 0x00000000ede00000| Untracked 
| 223|0x00000000edf00000, 0x00000000edf80800, 0x00000000ee000000| 50%| E|  |TAMS 0x00000000edf00000, 0x00000000edf00000| Complete 
| 224|0x00000000ee000000, 0x00000000ee100000, 0x00000000ee100000|100%| E|CS|TAMS 0x00000000ee000000, 0x00000000ee000000| Complete 
| 225|0x00000000ee100000, 0x00000000ee200000, 0x00000000ee200000|100%| E|CS|TAMS 0x00000000ee100000, 0x00000000ee100000| Complete 
| 226|0x00000000ee200000, 0x00000000ee300000, 0x00000000ee300000|100%| E|CS|TAMS 0x00000000ee200000, 0x00000000ee200000| Complete 
| 227|0x00000000ee300000, 0x00000000ee400000, 0x00000000ee400000|100%| E|CS|TAMS 0x00000000ee300000, 0x00000000ee300000| Complete 
| 228|0x00000000ee400000, 0x00000000ee500000, 0x00000000ee500000|100%| E|CS|TAMS 0x00000000ee400000, 0x00000000ee400000| Complete 
| 229|0x00000000ee500000, 0x00000000ee600000, 0x00000000ee600000|100%| E|CS|TAMS 0x00000000ee500000, 0x00000000ee500000| Complete 
| 230|0x00000000ee600000, 0x00000000ee700000, 0x00000000ee700000|100%| E|CS|TAMS 0x00000000ee600000, 0x00000000ee600000| Complete 
| 231|0x00000000ee700000, 0x00000000ee800000, 0x00000000ee800000|100%| E|CS|TAMS 0x00000000ee700000, 0x00000000ee700000| Complete 
| 232|0x00000000ee800000, 0x00000000ee900000, 0x00000000ee900000|100%| E|CS|TAMS 0x00000000ee800000, 0x00000000ee800000| Complete 
| 233|0x00000000ee900000, 0x00000000eea00000, 0x00000000eea00000|100%| E|CS|TAMS 0x00000000ee900000, 0x00000000ee900000| Complete 
| 234|0x00000000eea00000, 0x00000000eeb00000, 0x00000000eeb00000|100%| E|CS|TAMS 0x00000000eea00000, 0x00000000eea00000| Complete 
| 235|0x00000000eeb00000, 0x00000000eec00000, 0x00000000eec00000|100%| E|CS|TAMS 0x00000000eeb00000, 0x00000000eeb00000| Complete 
| 236|0x00000000eec00000, 0x00000000eed00000, 0x00000000eed00000|100%| E|CS|TAMS 0x00000000eec00000, 0x00000000eec00000| Complete 
| 237|0x00000000eed00000, 0x00000000eee00000, 0x00000000eee00000|100%| E|CS|TAMS 0x00000000eed00000, 0x00000000eed00000| Complete 
| 238|0x00000000eee00000, 0x00000000eef00000, 0x00000000eef00000|100%| E|CS|TAMS 0x00000000eee00000, 0x00000000eee00000| Complete 
| 239|0x00000000eef00000, 0x00000000ef000000, 0x00000000ef000000|100%| E|CS|TAMS 0x00000000eef00000, 0x00000000eef00000| Complete 
| 240|0x00000000ef000000, 0x00000000ef100000, 0x00000000ef100000|100%| E|CS|TAMS 0x00000000ef000000, 0x00000000ef000000| Complete 
| 241|0x00000000ef100000, 0x00000000ef200000, 0x00000000ef200000|100%| E|CS|TAMS 0x00000000ef100000, 0x00000000ef100000| Complete 
| 242|0x00000000ef200000, 0x00000000ef300000, 0x00000000ef300000|100%| E|CS|TAMS 0x00000000ef200000, 0x00000000ef200000| Complete 
| 243|0x00000000ef300000, 0x00000000ef400000, 0x00000000ef400000|100%| E|CS|TAMS 0x00000000ef300000, 0x00000000ef300000| Complete 
| 244|0x00000000ef400000, 0x00000000ef500000, 0x00000000ef500000|100%| E|CS|TAMS 0x00000000ef400000, 0x00000000ef400000| Complete 
| 245|0x00000000ef500000, 0x00000000ef600000, 0x00000000ef600000|100%| E|CS|TAMS 0x00000000ef500000, 0x00000000ef500000| Complete 
| 246|0x00000000ef600000, 0x00000000ef700000, 0x00000000ef700000|100%| E|CS|TAMS 0x00000000ef600000, 0x00000000ef600000| Complete 
| 247|0x00000000ef700000, 0x00000000ef800000, 0x00000000ef800000|100%| E|CS|TAMS 0x00000000ef700000, 0x00000000ef700000| Complete 
| 248|0x00000000ef800000, 0x00000000ef900000, 0x00000000ef900000|100%| E|CS|TAMS 0x00000000ef800000, 0x00000000ef800000| Complete 
| 249|0x00000000ef900000, 0x00000000efa00000, 0x00000000efa00000|100%| E|CS|TAMS 0x00000000ef900000, 0x00000000ef900000| Complete 
| 250|0x00000000efa00000, 0x00000000efb00000, 0x00000000efb00000|100%| E|CS|TAMS 0x00000000efa00000, 0x00000000efa00000| Complete 
| 251|0x00000000efb00000, 0x00000000efc00000, 0x00000000efc00000|100%| E|CS|TAMS 0x00000000efb00000, 0x00000000efb00000| Complete 
| 252|0x00000000efc00000, 0x00000000efd00000, 0x00000000efd00000|100%| E|CS|TAMS 0x00000000efc00000, 0x00000000efc00000| Complete 
| 253|0x00000000efd00000, 0x00000000efe00000, 0x00000000efe00000|100%| E|CS|TAMS 0x00000000efd00000, 0x00000000efd00000| Complete 
| 254|0x00000000efe00000, 0x00000000eff00000, 0x00000000eff00000|100%| E|CS|TAMS 0x00000000efe00000, 0x00000000efe00000| Complete 
| 255|0x00000000eff00000, 0x00000000f0000000, 0x00000000f0000000|100%| E|CS|TAMS 0x00000000eff00000, 0x00000000eff00000| Complete 

Card table byte_map: [0x000002587afa0000,0x000002587b0a0000] _byte_map_base: 0x000002587a8a0000

Marking Bits (Prev, Next): (CMBitMap*) 0x000002587acecd40, (CMBitMap*) 0x000002587acecd80
 Prev Bits: [0x000002587b1a0000, 0x000002587b9a0000)
 Next Bits: [0x000002587b9a0000, 0x000002587c1a0000)

Polling page: 0x0000025878c20000

Metaspace:

Usage:
  Non-class:     30.29 MB used.
      Class:      4.88 MB used.
       Both:     35.17 MB used.

Virtual space:
  Non-class space:       32.00 MB reserved,      30.50 MB ( 95%) committed,  4 nodes.
      Class space:      208.00 MB reserved,       5.06 MB (  2%) committed,  1 nodes.
             Both:      240.00 MB reserved,      35.56 MB ( 15%) committed. 

Chunk freelists:
   Non-Class:  805.00 KB
       Class:  2.97 MB
        Both:  3.76 MB

MaxMetaspaceSize: 256.00 MB
CompressedClassSpaceSize: 208.00 MB
Initial GC threshold: 21.00 MB
Current GC threshold: 58.88 MB
CDS: on
MetaspaceReclaimPolicy: balanced
 - commit_granule_bytes: 65536.
 - commit_granule_words: 8192.
 - virtual_space_node_default_size: 1048576.
 - enlarge_chunks_in_place: 1.
 - new_chunks_are_fully_committed: 0.
 - uncommit_free_chunks: 1.
 - use_allocation_guard: 0.
 - handle_deallocations: 1.


Internal statistics:

num_allocs_failed_limit: 6.
num_arena_births: 420.
num_arena_deaths: 0.
num_vsnodes_births: 5.
num_vsnodes_deaths: 0.
num_space_committed: 569.
num_space_uncommitted: 0.
num_chunks_returned_to_freelist: 6.
num_chunks_taken_from_freelist: 1761.
num_chunk_merges: 6.
num_chunk_splits: 1151.
num_chunks_enlarged: 785.
num_purges: 0.
num_inconsistent_stats: 0.

CodeHeap 'non-profiled nmethods': size=120000Kb used=4029Kb max_used=4029Kb free=115970Kb
 bounds [0x000002580f500000, 0x000002580f8f0000, 0x0000025816a30000]
CodeHeap 'profiled nmethods': size=120000Kb used=8530Kb max_used=9950Kb free=111469Kb
 bounds [0x0000025807fd0000, 0x00000258089f0000, 0x000002580f500000]
CodeHeap 'non-nmethods': size=5760Kb used=2304Kb max_used=2392Kb free=3455Kb
 bounds [0x0000025807a30000, 0x0000025807ca0000, 0x0000025807fd0000]
 total_blobs=4987 nmethods=4174 adapters=725
 compilation: enabled
              stopped_count=0, restarted_count=0
 full_count=0

Compilation events (20 events):
Event: 23.193 Thread 0x000002581a44c6d0 nmethod 5059 0x000002580f8daa90 code [0x000002580f8dac20, 0x000002580f8db058]
Event: 23.194 Thread 0x000002581a44c6d0 5061       4       java.time.temporal.ValueRange::checkValidIntValue (25 bytes)
Event: 23.194 Thread 0x000002581a44c6d0 nmethod 5061 0x000002580f8db410 code [0x000002580f8db580, 0x000002580f8db6f8]
Event: 23.194 Thread 0x000002581a44c6d0 5062       4       org.apache.tools.zip.ZipOutputStream::closeEntry (66 bytes)
Event: 23.228 Thread 0x000002581a44c6d0 nmethod 5062 0x000002580f8db810 code [0x000002580f8dbbc0, 0x000002580f8de8f8]
Event: 23.228 Thread 0x000002581a44c6d0 5065       4       org.apache.tools.zip.ZipEntry::<init> (64 bytes)
Event: 23.233 Thread 0x000002581a44c6d0 nmethod 5065 0x000002580f8e0490 code [0x000002580f8e0620, 0x000002580f8e0ca8]
Event: 23.233 Thread 0x000002581a44c6d0 5067       4       java.util.zip.ZipUtils::javaToExtendedDosTime (33 bytes)
Event: 23.242 Thread 0x000002581a44c6d0 nmethod 5067 0x000002580f8e0f10 code [0x000002580f8e1100, 0x000002580f8e1e28]
Event: 23.242 Thread 0x000002581a44c6d0 5068       4       java.time.zone.ZoneRules::getOffset (153 bytes)
Event: 23.243 Thread 0x000002581a44c6d0 nmethod 5068 0x000002580f8e2c10 code [0x000002580f8e2da0, 0x000002580f8e2f68]
Event: 23.243 Thread 0x000002581a44c6d0 5070       4       org.apache.tools.zip.ZipOutputStream::putNextEntry (249 bytes)
Event: 23.349 Thread 0x000002581a44c6d0 nmethod 5070 0x000002580f8e3190 code [0x000002580f8e3540, 0x000002580f8e6b38]
Event: 23.349 Thread 0x000002581a44c6d0 5105       4       org.objectweb.asm.ClassVisitor::visit (50 bytes)
Event: 23.476 Thread 0x000002581a44c6d0 nmethod 5105 0x000002580f8e9190 code [0x000002580f8e9520, 0x000002580f8ecca0]
Event: 23.476 Thread 0x000002581a44c6d0 5060       4       org.objectweb.asm.MethodWriter::addSuccessorToCurrentBasicBlock (24 bytes)
Event: 23.478 Thread 0x000002581a44c6d0 nmethod 5060 0x000002580f8ee390 code [0x000002580f8ee520, 0x000002580f8ee838]
Event: 23.478 Thread 0x000002581a44c6d0 5072       4       org.gradle.internal.classpath.ClasspathBuilder$ZipEntryBuilder::dir (42 bytes)
Event: 23.486 Thread 0x000002581a44c6d0 nmethod 5072 0x000002580f8ee910 code [0x000002580f8eeaa0, 0x000002580f8ef178]
Event: 23.486 Thread 0x000002581a44c6d0 5078       4       org.gradle.internal.classpath.ClasspathBuilder$ZipEntryBuilder::maybeAddParent (50 bytes)

GC Heap History (20 events):
Event: 21.199 GC heap before
{Heap before GC invocations=16 (full 0):
 garbage-first heap   total 262144K, used 210468K [0x00000000e0000000, 0x0000000100000000)
  region size 1024K, 153 young (156672K), 5 survivors (5120K)
 Metaspace       used 35999K, committed 36416K, reserved 245760K
  class space    used 4998K, committed 5184K, reserved 212992K
}
Event: 21.201 GC heap after
{Heap after GC invocations=17 (full 0):
 garbage-first heap   total 262144K, used 60223K [0x00000000e0000000, 0x0000000100000000)
  region size 1024K, 5 young (5120K), 5 survivors (5120K)
 Metaspace       used 35999K, committed 36416K, reserved 245760K
  class space    used 4998K, committed 5184K, reserved 212992K
}
Event: 21.429 GC heap before
{Heap before GC invocations=17 (full 0):
 garbage-first heap   total 262144K, used 211775K [0x00000000e0000000, 0x0000000100000000)
  region size 1024K, 153 young (156672K), 5 survivors (5120K)
 Metaspace       used 35999K, committed 36416K, reserved 245760K
  class space    used 4998K, committed 5184K, reserved 212992K
}
Event: 21.432 GC heap after
{Heap after GC invocations=18 (full 0):
 garbage-first heap   total 262144K, used 61042K [0x00000000e0000000, 0x0000000100000000)
  region size 1024K, 6 young (6144K), 6 survivors (6144K)
 Metaspace       used 35999K, committed 36416K, reserved 245760K
  class space    used 4998K, committed 5184K, reserved 212992K
}
Event: 21.569 GC heap before
{Heap before GC invocations=18 (full 0):
 garbage-first heap   total 262144K, used 211570K [0x00000000e0000000, 0x0000000100000000)
  region size 1024K, 153 young (156672K), 6 survivors (6144K)
 Metaspace       used 36005K, committed 36416K, reserved 245760K
  class space    used 4999K, committed 5184K, reserved 212992K
}
Event: 21.573 GC heap after
{Heap after GC invocations=19 (full 0):
 garbage-first heap   total 262144K, used 61735K [0x00000000e0000000, 0x0000000100000000)
  region size 1024K, 7 young (7168K), 7 survivors (7168K)
 Metaspace       used 36005K, committed 36416K, reserved 245760K
  class space    used 4999K, committed 5184K, reserved 212992K
}
Event: 21.760 GC heap before
{Heap before GC invocations=19 (full 0):
 garbage-first heap   total 262144K, used 211239K [0x00000000e0000000, 0x0000000100000000)
  region size 1024K, 153 young (156672K), 7 survivors (7168K)
 Metaspace       used 36006K, committed 36416K, reserved 245760K
  class space    used 4999K, committed 5184K, reserved 212992K
}
Event: 21.764 GC heap after
{Heap after GC invocations=20 (full 0):
 garbage-first heap   total 262144K, used 63449K [0x00000000e0000000, 0x0000000100000000)
  region size 1024K, 9 young (9216K), 9 survivors (9216K)
 Metaspace       used 36006K, committed 36416K, reserved 245760K
  class space    used 4999K, committed 5184K, reserved 212992K
}
Event: 21.948 GC heap before
{Heap before GC invocations=20 (full 0):
 garbage-first heap   total 262144K, used 210905K [0x00000000e0000000, 0x0000000100000000)
  region size 1024K, 153 young (156672K), 9 survivors (9216K)
 Metaspace       used 36006K, committed 36416K, reserved 245760K
  class space    used 4999K, committed 5184K, reserved 212992K
}
Event: 21.954 GC heap after
{Heap after GC invocations=21 (full 0):
 garbage-first heap   total 262144K, used 64218K [0x00000000e0000000, 0x0000000100000000)
  region size 1024K, 9 young (9216K), 9 survivors (9216K)
 Metaspace       used 36006K, committed 36416K, reserved 245760K
  class space    used 4999K, committed 5184K, reserved 212992K
}
Event: 22.163 GC heap before
{Heap before GC invocations=21 (full 0):
 garbage-first heap   total 262144K, used 211674K [0x00000000e0000000, 0x0000000100000000)
  region size 1024K, 153 young (156672K), 9 survivors (9216K)
 Metaspace       used 36006K, committed 36416K, reserved 245760K
  class space    used 4999K, committed 5184K, reserved 212992K
}
Event: 22.168 GC heap after
{Heap after GC invocations=22 (full 0):
 garbage-first heap   total 262144K, used 65343K [0x00000000e0000000, 0x0000000100000000)
  region size 1024K, 10 young (10240K), 10 survivors (10240K)
 Metaspace       used 36006K, committed 36416K, reserved 245760K
  class space    used 4999K, committed 5184K, reserved 212992K
}
Event: 22.437 GC heap before
{Heap before GC invocations=22 (full 0):
 garbage-first heap   total 262144K, used 211775K [0x00000000e0000000, 0x0000000100000000)
  region size 1024K, 153 young (156672K), 10 survivors (10240K)
 Metaspace       used 36006K, committed 36416K, reserved 245760K
  class space    used 4999K, committed 5184K, reserved 212992K
}
Event: 22.441 GC heap after
{Heap after GC invocations=23 (full 0):
 garbage-first heap   total 262144K, used 62535K [0x00000000e0000000, 0x0000000100000000)
  region size 1024K, 9 young (9216K), 9 survivors (9216K)
 Metaspace       used 36006K, committed 36416K, reserved 245760K
  class space    used 4999K, committed 5184K, reserved 212992K
}
Event: 22.623 GC heap before
{Heap before GC invocations=23 (full 0):
 garbage-first heap   total 262144K, used 209991K [0x00000000e0000000, 0x0000000100000000)
  region size 1024K, 154 young (157696K), 9 survivors (9216K)
 Metaspace       used 36007K, committed 36416K, reserved 245760K
  class space    used 4999K, committed 5184K, reserved 212992K
}
Event: 22.628 GC heap after
{Heap after GC invocations=24 (full 0):
 garbage-first heap   total 262144K, used 63214K [0x00000000e0000000, 0x0000000100000000)
  region size 1024K, 9 young (9216K), 9 survivors (9216K)
 Metaspace       used 36007K, committed 36416K, reserved 245760K
  class space    used 4999K, committed 5184K, reserved 212992K
}
Event: 22.857 GC heap before
{Heap before GC invocations=24 (full 0):
 garbage-first heap   total 262144K, used 212718K [0x00000000e0000000, 0x0000000100000000)
  region size 1024K, 153 young (156672K), 9 survivors (9216K)
 Metaspace       used 36008K, committed 36416K, reserved 245760K
  class space    used 4999K, committed 5184K, reserved 212992K
}
Event: 22.862 GC heap after
{Heap after GC invocations=25 (full 0):
 garbage-first heap   total 262144K, used 64319K [0x00000000e0000000, 0x0000000100000000)
  region size 1024K, 10 young (10240K), 10 survivors (10240K)
 Metaspace       used 36008K, committed 36416K, reserved 245760K
  class space    used 4999K, committed 5184K, reserved 212992K
}
Event: 23.356 GC heap before
{Heap before GC invocations=25 (full 0):
 garbage-first heap   total 262144K, used 212799K [0x00000000e0000000, 0x0000000100000000)
  region size 1024K, 153 young (156672K), 10 survivors (10240K)
 Metaspace       used 36009K, committed 36416K, reserved 245760K
  class space    used 4999K, committed 5184K, reserved 212992K
}
Event: 23.362 GC heap after
{Heap after GC invocations=26 (full 0):
 garbage-first heap   total 262144K, used 66367K [0x00000000e0000000, 0x0000000100000000)
  region size 1024K, 12 young (12288K), 12 survivors (12288K)
 Metaspace       used 36009K, committed 36416K, reserved 245760K
  class space    used 4999K, committed 5184K, reserved 212992K
}

Dll operation events (12 events):
Event: 0.007 Loaded shared library C:\Users\Laptop\.jdks\corretto-17.0.5\bin\java.dll
Event: 0.021 Loaded shared library C:\Users\Laptop\.jdks\corretto-17.0.5\bin\jsvml.dll
Event: 0.065 Loaded shared library C:\Users\Laptop\.jdks\corretto-17.0.5\bin\net.dll
Event: 0.067 Loaded shared library C:\Users\Laptop\.jdks\corretto-17.0.5\bin\nio.dll
Event: 0.376 Loaded shared library C:\Users\Laptop\.jdks\corretto-17.0.5\bin\zip.dll
Event: 2.573 Loaded shared library C:\Users\Laptop\.jdks\corretto-17.0.5\bin\jimage.dll
Event: 3.121 Loaded shared library C:\Users\Laptop\.jdks\corretto-17.0.5\bin\verify.dll
Event: 6.252 Loaded shared library C:\Users\Laptop\.gradle\native\68d5fa5c4cc2d200863cafc0d521ce42e7d3e7ee720ec0a83991735586a16f82\windows-amd64\native-platform.dll
Event: 6.282 Loaded shared library C:\Users\Laptop\.gradle\native\e376f236ea51e6404a007f0833ffe2c6e607c4080706a723a18a27aeea778392\windows-amd64\native-platform-file-events.dll
Event: 13.355 Loaded shared library C:\Users\Laptop\.jdks\corretto-17.0.5\bin\management.dll
Event: 13.361 Loaded shared library C:\Users\Laptop\.jdks\corretto-17.0.5\bin\management_ext.dll
Event: 13.712 Loaded shared library C:\Users\Laptop\.jdks\corretto-17.0.5\bin\sunmscapi.dll

Deoptimization events (20 events):
Event: 22.905 Thread 0x000002587ff480f0 DEOPT PACKING pc=0x000002580f7fd734 sp=0x000000eb520fe2e0
Event: 22.905 Thread 0x000002587ff480f0 DEOPT UNPACKING pc=0x0000025807a823a3 sp=0x000000eb520fe268 mode 2
Event: 22.942 Thread 0x000002587ff480f0 DEOPT PACKING pc=0x00000258089d5e57 sp=0x000000eb520fe050
Event: 22.942 Thread 0x000002587ff480f0 DEOPT UNPACKING pc=0x0000025807a82b43 sp=0x000000eb520fd760 mode 0
Event: 23.042 Thread 0x000002587ff47c20 DEOPT PACKING pc=0x00000258089d5e57 sp=0x000000eb521fdd90
Event: 23.042 Thread 0x000002587ff47c20 DEOPT UNPACKING pc=0x0000025807a82b43 sp=0x000000eb521fd4a0 mode 0
Event: 23.100 Thread 0x000002587ff47c20 DEOPT PACKING pc=0x00000258089d5e57 sp=0x000000eb521fdd90
Event: 23.100 Thread 0x000002587ff47c20 DEOPT UNPACKING pc=0x0000025807a82b43 sp=0x000000eb521fd4a0 mode 0
Event: 23.106 Thread 0x000002587ff47c20 DEOPT PACKING pc=0x00000258089d5e57 sp=0x000000eb521fdd90
Event: 23.106 Thread 0x000002587ff47c20 DEOPT UNPACKING pc=0x0000025807a82b43 sp=0x000000eb521fd4a0 mode 0
Event: 23.164 Thread 0x000002587ff47c20 DEOPT PACKING pc=0x00000258089d5e57 sp=0x000000eb521fdd90
Event: 23.164 Thread 0x000002587ff47c20 DEOPT UNPACKING pc=0x0000025807a82b43 sp=0x000000eb521fd4a0 mode 0
Event: 23.185 Thread 0x000002587ff47c20 DEOPT PACKING pc=0x00000258089d5e57 sp=0x000000eb521fdd90
Event: 23.185 Thread 0x000002587ff47c20 DEOPT UNPACKING pc=0x0000025807a82b43 sp=0x000000eb521fd4a0 mode 0
Event: 23.339 Thread 0x000002587ff480f0 DEOPT PACKING pc=0x00000258089d5e57 sp=0x000000eb520fe050
Event: 23.339 Thread 0x000002587ff480f0 DEOPT UNPACKING pc=0x0000025807a82b43 sp=0x000000eb520fd760 mode 0
Event: 23.365 Thread 0x000002587ff480f0 DEOPT PACKING pc=0x00000258089d5e57 sp=0x000000eb520fe050
Event: 23.365 Thread 0x000002587ff480f0 DEOPT UNPACKING pc=0x0000025807a82b43 sp=0x000000eb520fd760 mode 0
Event: 23.383 Thread 0x000002587ff480f0 DEOPT PACKING pc=0x00000258089d5e57 sp=0x000000eb520fe050
Event: 23.383 Thread 0x000002587ff480f0 DEOPT UNPACKING pc=0x0000025807a82b43 sp=0x000000eb520fd760 mode 0

Classes unloaded (0 events):
No events

Classes redefined (0 events):
No events

Internal exceptions (20 events):
Event: 20.834 Thread 0x000002587ff480f0 Exception <a 'sun/nio/fs/WindowsException'{0x00000000ecd6d848}> (0x00000000ecd6d848) 
thrown [s\src\hotspot\share\prims\jni.cpp, line 516]
Event: 20.836 Thread 0x000002587ff480f0 Exception <a 'sun/nio/fs/WindowsException'{0x00000000ecd6da88}> (0x00000000ecd6da88) 
thrown [s\src\hotspot\share\prims\jni.cpp, line 516]
Event: 20.855 Thread 0x000002587ff480f0 Exception <a 'sun/nio/fs/WindowsException'{0x00000000ec059f80}> (0x00000000ec059f80) 
thrown [s\src\hotspot\share\prims\jni.cpp, line 516]
Event: 20.861 Thread 0x0000025819e3c780 Exception <a 'sun/nio/fs/WindowsException'{0x00000000ebe90e98}> (0x00000000ebe90e98) 
thrown [s\src\hotspot\share\prims\jni.cpp, line 516]
Event: 20.862 Thread 0x0000025819e3c780 Exception <a 'sun/nio/fs/WindowsException'{0x00000000ebe91060}> (0x00000000ebe91060) 
thrown [s\src\hotspot\share\prims\jni.cpp, line 516]
Event: 20.866 Thread 0x0000025819e3c780 Exception <a 'sun/nio/fs/WindowsException'{0x00000000ebe9f630}> (0x00000000ebe9f630) 
thrown [s\src\hotspot\share\prims\jni.cpp, line 516]
Event: 20.880 Thread 0x0000025819e3c780 Exception <a 'sun/nio/fs/WindowsException'{0x00000000eadaec80}> (0x00000000eadaec80) 
thrown [s\src\hotspot\share\prims\jni.cpp, line 516]
Event: 20.881 Thread 0x0000025819e3c780 Exception <a 'sun/nio/fs/WindowsException'{0x00000000eadaee38}> (0x00000000eadaee38) 
thrown [s\src\hotspot\share\prims\jni.cpp, line 516]
Event: 20.892 Thread 0x000002587ff47c20 Exception <a 'sun/nio/fs/WindowsException'{0x00000000eaafb0c8}> (0x00000000eaafb0c8) 
thrown [s\src\hotspot\share\prims\jni.cpp, line 516]
Event: 20.892 Thread 0x0000025819e3b440 Exception <a 'sun/nio/fs/WindowsException'{0x00000000ed6dd2a8}> (0x00000000ed6dd2a8) 
thrown [s\src\hotspot\share\prims\jni.cpp, line 516]
Event: 20.930 Thread 0x000002587ff48a90 Exception <a 'sun/nio/fs/WindowsException'{0x00000000ed31aa80}> (0x00000000ed31aa80) 
thrown [s\src\hotspot\share\prims\jni.cpp, line 516]
Event: 20.936 Thread 0x000002587ff48a90 Implicit null exception at 0x000002580f7b30e0 to 0x000002580f7b39f8
Event: 20.937 Thread 0x000002587ff48a90 Implicit null exception at 0x000002580f7166ec to 0x000002580f71776c
Event: 20.940 Thread 0x000002587ff48a90 Implicit null exception at 0x000002580f526641 to 0x000002580f527554
Event: 20.968 Thread 0x0000025819e3b440 Exception <a 'sun/nio/fs/WindowsException'{0x00000000efeeb648}> (0x00000000efeeb648) 
thrown [s\src\hotspot\share\prims\jni.cpp, line 516]
Event: 20.975 Thread 0x000002587ff48a90 Exception <a 'sun/nio/fs/WindowsException'{0x00000000ef898fd0}> (0x00000000ef898fd0) 
thrown [s\src\hotspot\share\prims\jni.cpp, line 516]
Event: 20.975 Thread 0x0000025819e3b440 Exception <a 'sun/nio/fs/WindowsException'{0x00000000efeebad0}> (0x00000000efeebad0) 
thrown [s\src\hotspot\share\prims\jni.cpp, line 516]
Event: 20.983 Thread 0x000002587ff48a90 Exception <a 'sun/nio/fs/WindowsException'{0x00000000ef8991a0}> (0x00000000ef8991a0) 
thrown [s\src\hotspot\share\prims\jni.cpp, line 516]
Event: 22.337 Thread 0x0000025819e39c30 Exception <a 'sun/nio/fs/WindowsException'{0x00000000ea319270}> (0x00000000ea319270) 
thrown [s\src\hotspot\share\prims\jni.cpp, line 516]
Event: 22.341 Thread 0x0000025819e39c30 Exception <a 'sun/nio/fs/WindowsException'{0x00000000ea3193d8}> (0x00000000ea3193d8) 
thrown [s\src\hotspot\share\prims\jni.cpp, line 516]

VM Operations (20 events):
Event: 21.569 Executing VM operation: G1CollectForAllocation
Event: 21.574 Executing VM operation: G1CollectForAllocation done
Event: 21.602 Executing VM operation: HandshakeAllThreads
Event: 21.602 Executing VM operation: HandshakeAllThreads done
Event: 21.759 Executing VM operation: G1CollectForAllocation
Event: 21.764 Executing VM operation: G1CollectForAllocation done
Event: 21.947 Executing VM operation: G1CollectForAllocation
Event: 21.954 Executing VM operation: G1CollectForAllocation done
Event: 22.163 Executing VM operation: G1CollectForAllocation
Event: 22.174 Executing VM operation: G1CollectForAllocation done
Event: 22.422 Executing VM operation: G1CollectForAllocation
Event: 22.442 Executing VM operation: G1CollectForAllocation done
Event: 22.620 Executing VM operation: G1CollectForAllocation
Event: 22.620 Executing VM operation: G1CollectForAllocation done
Event: 22.623 Executing VM operation: G1CollectForAllocation
Event: 22.631 Executing VM operation: G1CollectForAllocation done
Event: 22.857 Executing VM operation: G1CollectForAllocation
Event: 22.862 Executing VM operation: G1CollectForAllocation done
Event: 23.356 Executing VM operation: G1CollectForAllocation
Event: 23.363 Executing VM operation: G1CollectForAllocation done

Events (20 events):
Event: 19.355 Thread 0x000002587e9a82a0 flushing nmethod 0x00000258088fba10
Event: 19.355 Thread 0x000002587e9a82a0 flushing nmethod 0x00000258088fd290
Event: 19.355 Thread 0x000002587e9a82a0 flushing nmethod 0x00000258088fe810
Event: 19.355 Thread 0x000002587e9a82a0 flushing nmethod 0x00000258088fed90
Event: 19.355 Thread 0x000002587e9a82a0 flushing nmethod 0x0000025808919110
Event: 19.355 Thread 0x000002587e9a82a0 flushing nmethod 0x0000025808923990
Event: 19.355 Thread 0x000002587e9a82a0 flushing nmethod 0x0000025808941910
Event: 19.355 Thread 0x000002587e9a82a0 flushing nmethod 0x0000025808944910
Event: 19.355 Thread 0x000002587e9a82a0 flushing nmethod 0x0000025808945310
Event: 19.355 Thread 0x000002587e9a82a0 flushing nmethod 0x0000025808945a10
Event: 19.355 Thread 0x000002587e9a82a0 flushing nmethod 0x0000025808945e90
Event: 19.355 Thread 0x000002587e9a82a0 flushing nmethod 0x000002580895b310
Event: 19.355 Thread 0x000002587e9a82a0 flushing nmethod 0x0000025808964190
Event: 19.355 Thread 0x000002587e9a82a0 flushing nmethod 0x0000025808964510
Event: 19.355 Thread 0x000002587e9a82a0 flushing nmethod 0x0000025808969a90
Event: 19.355 Thread 0x000002587e9a82a0 flushing nmethod 0x0000025808969f10
Event: 19.355 Thread 0x000002587e9a82a0 flushing nmethod 0x000002580896ab10
Event: 20.305 loading class jdk/internal/access/foreign/MemorySegmentProxy
Event: 20.305 loading class jdk/internal/access/foreign/MemorySegmentProxy done
Event: 21.612 Thread 0x000002587e9a82a0 flushing nmethod 0x0000025808947010


Dynamic libraries:
0x00007ff78a4a0000 - 0x00007ff78a4ad000 	C:\Users\Laptop\.jdks\corretto-17.0.5\bin\java.exe
0x00007ff8fb300000 - 0x00007ff8fb509000 	C:\WINDOWS\SYSTEM32\ntdll.dll
0x00007ff8d11c0000 - 0x00007ff8d11d7000 	C:\Program Files\Avast Software\Avast\aswhook.dll
0x00007ff8f9970000 - 0x00007ff8f9a2e000 	C:\WINDOWS\System32\KERNEL32.DLL
0x00007ff8f8a30000 - 0x00007ff8f8dab000 	C:\WINDOWS\System32\KERNELBASE.dll
0x00007ff8f8910000 - 0x00007ff8f8a21000 	C:\WINDOWS\System32\ucrtbase.dll
0x00007ff8de480000 - 0x00007ff8de497000 	C:\Users\Laptop\.jdks\corretto-17.0.5\bin\jli.dll
0x00007ff8de1a0000 - 0x00007ff8de1b5000 	C:\Users\Laptop\.jdks\corretto-17.0.5\bin\VCRUNTIME140.dll
0x00007ff8f9790000 - 0x00007ff8f993d000 	C:\WINDOWS\System32\USER32.dll
0x00007ff8e83d0000 - 0x00007ff8e8675000 	C:\WINDOWS\WinSxS\amd64_microsoft.windows.common-controls_6595b64144ccf1df_6.0.22000.120_none_9d947278b86cc467\COMCTL32.dll
0x00007ff8f8840000 - 0x00007ff8f8866000 	C:\WINDOWS\System32\win32u.dll
0x00007ff8fa410000 - 0x00007ff8fa4b3000 	C:\WINDOWS\System32\msvcrt.dll
0x00007ff8f9640000 - 0x00007ff8f9669000 	C:\WINDOWS\System32\GDI32.dll
0x00007ff8f8e30000 - 0x00007ff8f8f48000 	C:\WINDOWS\System32\gdi32full.dll
0x00007ff8f8870000 - 0x00007ff8f890d000 	C:\WINDOWS\System32\msvcp_win.dll
0x00007ff8faaa0000 - 0x00007ff8faad2000 	C:\WINDOWS\System32\IMM32.DLL
0x00007ff8c0e90000 - 0x00007ff8c0f2b000 	C:\Users\Laptop\.jdks\corretto-17.0.5\bin\msvcp140.dll
0x00007ff8bd970000 - 0x00007ff8be584000 	C:\Users\Laptop\.jdks\corretto-17.0.5\bin\server\jvm.dll
0x00007ff8f9a90000 - 0x00007ff8f9b3e000 	C:\WINDOWS\System32\ADVAPI32.dll
0x00007ff8faa00000 - 0x00007ff8faa9e000 	C:\WINDOWS\System32\sechost.dll
0x00007ff8fb110000 - 0x00007ff8fb230000 	C:\WINDOWS\System32\RPCRT4.dll
0x00007ff8f1ad0000 - 0x00007ff8f1ada000 	C:\WINDOWS\SYSTEM32\VERSION.dll
0x00007ff8e8d20000 - 0x00007ff8e8d29000 	C:\WINDOWS\SYSTEM32\WSOCK32.dll
0x00007ff8f63d0000 - 0x00007ff8f6403000 	C:\WINDOWS\SYSTEM32\WINMM.dll
0x00007ff8f9500000 - 0x00007ff8f956f000 	C:\WINDOWS\System32\WS2_32.dll
0x00007ff8f7850000 - 0x00007ff8f7868000 	C:\WINDOWS\SYSTEM32\kernel.appcore.dll
0x00007ff8f54d0000 - 0x00007ff8f54da000 	C:\Users\Laptop\.jdks\corretto-17.0.5\bin\jimage.dll
0x00007ff8f5fe0000 - 0x00007ff8f6201000 	C:\WINDOWS\SYSTEM32\DBGHELP.DLL
0x00007ff8f6390000 - 0x00007ff8f63c1000 	C:\WINDOWS\SYSTEM32\dbgcore.DLL
0x00007ff8f8db0000 - 0x00007ff8f8e2f000 	C:\WINDOWS\System32\bcryptPrimitives.dll
0x00007ff8d7120000 - 0x00007ff8d7145000 	C:\Users\Laptop\.jdks\corretto-17.0.5\bin\java.dll
0x00007ff8c0c00000 - 0x00007ff8c0cd6000 	C:\Users\Laptop\.jdks\corretto-17.0.5\bin\jsvml.dll
0x00007ff8f9c50000 - 0x00007ff8fa407000 	C:\WINDOWS\System32\SHELL32.dll
0x00007ff8f68c0000 - 0x00007ff8f7125000 	C:\WINDOWS\SYSTEM32\windows.storage.dll
0x00007ff8facb0000 - 0x00007ff8fb028000 	C:\WINDOWS\System32\combase.dll
0x00007ff8f6750000 - 0x00007ff8f68b6000 	C:\WINDOWS\SYSTEM32\wintypes.dll
0x00007ff8f9320000 - 0x00007ff8f940a000 	C:\WINDOWS\System32\SHCORE.dll
0x00007ff8f9a30000 - 0x00007ff8f9a8d000 	C:\WINDOWS\System32\shlwapi.dll
0x00007ff8f8700000 - 0x00007ff8f8721000 	C:\WINDOWS\SYSTEM32\profapi.dll
0x00007ff8ddfe0000 - 0x00007ff8ddff9000 	C:\Users\Laptop\.jdks\corretto-17.0.5\bin\net.dll
0x00007ff8f2b90000 - 0x00007ff8f2ca4000 	C:\WINDOWS\SYSTEM32\WINHTTP.dll
0x00007ff8f7cf0000 - 0x00007ff8f7d57000 	C:\WINDOWS\system32\mswsock.dll
0x00007ff8dde40000 - 0x00007ff8dde55000 	C:\Users\Laptop\.jdks\corretto-17.0.5\bin\nio.dll
0x00007ff8da970000 - 0x00007ff8da988000 	C:\Users\Laptop\.jdks\corretto-17.0.5\bin\zip.dll
0x00007ff8f4ef0000 - 0x00007ff8f4f00000 	C:\Users\Laptop\.jdks\corretto-17.0.5\bin\verify.dll
0x00007ff8f4f40000 - 0x00007ff8f4f67000 	C:\Users\Laptop\.gradle\native\68d5fa5c4cc2d200863cafc0d521ce42e7d3e7ee720ec0a83991735586a16f82\windows-amd64\native-platform.dll
0x00007ff8c0870000 - 0x00007ff8c09b4000 	C:\Users\Laptop\.gradle\native\e376f236ea51e6404a007f0833ffe2c6e607c4080706a723a18a27aeea778392\windows-amd64\native-platform-file-events.dll
0x00007ff8ee480000 - 0x00007ff8ee489000 	C:\Users\Laptop\.jdks\corretto-17.0.5\bin\management.dll
0x00007ff8ec6a0000 - 0x00007ff8ec6ab000 	C:\Users\Laptop\.jdks\corretto-17.0.5\bin\management_ext.dll
0x00007ff8f9570000 - 0x00007ff8f9578000 	C:\WINDOWS\System32\PSAPI.DLL
0x00007ff8f7f40000 - 0x00007ff8f7f58000 	C:\WINDOWS\SYSTEM32\CRYPTSP.dll
0x00007ff8f77b0000 - 0x00007ff8f77e5000 	C:\WINDOWS\system32\rsaenh.dll
0x00007ff8f7de0000 - 0x00007ff8f7e09000 	C:\WINDOWS\SYSTEM32\USERENV.dll
0x00007ff8f8130000 - 0x00007ff8f8157000 	C:\WINDOWS\SYSTEM32\bcrypt.dll
0x00007ff8f7f30000 - 0x00007ff8f7f3c000 	C:\WINDOWS\SYSTEM32\CRYPTBASE.dll
0x00007ff8f7370000 - 0x00007ff8f739d000 	C:\WINDOWS\SYSTEM32\IPHLPAPI.DLL
0x00007ff8faca0000 - 0x00007ff8faca9000 	C:\WINDOWS\System32\NSI.dll
0x00007ff8f08e0000 - 0x00007ff8f08f9000 	C:\WINDOWS\SYSTEM32\dhcpcsvc6.DLL
0x00007ff8f0a00000 - 0x00007ff8f0a1e000 	C:\WINDOWS\SYSTEM32\dhcpcsvc.DLL
0x00007ff8f73a0000 - 0x00007ff8f7488000 	C:\WINDOWS\SYSTEM32\DNSAPI.dll
0x00007ff8ec3c0000 - 0x00007ff8ec3ce000 	C:\Users\Laptop\.jdks\corretto-17.0.5\bin\sunmscapi.dll
0x00007ff8f8f50000 - 0x00007ff8f90b2000 	C:\WINDOWS\System32\CRYPT32.dll
0x00007ff8f8100000 - 0x00007ff8f8128000 	C:\WINDOWS\SYSTEM32\ncrypt.dll
0x00007ff8f80c0000 - 0x00007ff8f80f7000 	C:\WINDOWS\SYSTEM32\NTASN1.dll
0x00007ff8ebee0000 - 0x00007ff8ebee8000 	C:\WINDOWS\system32\wshunix.dll
0x00007ff8f7870000 - 0x00007ff8f78a4000 	C:\WINDOWS\SYSTEM32\ntmarta.dll

dbghelp: loaded successfully - version: 4.0.5 - missing functions: none
symbol engine: initialized successfully - sym options: 0x614 - pdb path: .;C:\Users\Laptop\.jdks\corretto-17.0.5\bin;C:\WINDOWS\SYSTEM32;C:\Program Files\Avast Software\Avast;C:\WINDOWS\WinSxS\amd64_microsoft.windows.common-controls_6595b64144ccf1df_6.0.22000.120_none_9d947278b86cc467;C:\Users\Laptop\.jdks\corretto-17.0.5\bin\server;C:\Users\Laptop\.gradle\native\68d5fa5c4cc2d200863cafc0d521ce42e7d3e7ee720ec0a83991735586a16f82\windows-amd64;C:\Users\Laptop\.gradle\native\e376f236ea51e6404a007f0833ffe2c6e607c4080706a723a18a27aeea778392\windows-amd64

VM Arguments:
jvm_args: --add-opens=java.base/java.util.concurrent.atomic=ALL-UNNAMED -XX:MaxMetaspaceSize=256m -XX:+HeapDumpOnOutOfMemoryError --add-opens=java.base/java.util=ALL-UNNAMED --add-opens=java.base/java.lang=ALL-UNNAMED --add-opens=java.base/java.lang.invoke=ALL-UNNAMED --add-opens=java.prefs/java.util.prefs=ALL-UNNAMED --add-opens=java.base/java.nio.charset=ALL-UNNAMED --add-opens=java.base/java.net=ALL-UNNAMED --add-opens=java.base/java.util.concurrent.atomic=ALL-UNNAMED -Xms256m -Xmx512m -Dfile.encoding=windows-1251 -Duser.country=BG -Duser.language=bg -Duser.variant 
java_command: org.gradle.launcher.daemon.bootstrap.GradleDaemon 7.6
java_class_path (initial): C:\Users\Laptop\.gradle\wrapper\dists\gradle-7.6-bin\9l9tetv7ltxvx3i8an4pb86ye\gradle-7.6\lib\gradle-launcher-7.6.jar
Launcher Type: SUN_STANDARD

[Global flags]
     intx CICompilerCount                          = 3                                         {product} {ergonomic}
   size_t CompressedClassSpaceSize                 = 218103808                                 {product} {ergonomic}
     uint ConcGCThreads                            = 2                                         {product} {ergonomic}
     uint G1ConcRefinementThreads                  = 6                                         {product} {ergonomic}
   size_t G1HeapRegionSize                         = 1048576                                   {product} {ergonomic}
    uintx GCDrainStackTargetSize                   = 64                                        {product} {ergonomic}
     bool HeapDumpOnOutOfMemoryError               = true                                   {manageable} {command line}
   size_t InitialHeapSize                          = 268435456                                 {product} {command line}
   size_t MarkStackSize                            = 4194304                                   {product} {ergonomic}
   size_t MaxHeapSize                              = 536870912                                 {product} {command line}
   size_t MaxMetaspaceSize                         = 268435456                                 {product} {command line}
   size_t MaxNewSize                               = 321912832                                 {product} {ergonomic}
   size_t MinHeapDeltaBytes                        = 1048576                                   {product} {ergonomic}
   size_t MinHeapSize                              = 268435456                                 {product} {command line}
    uintx NonNMethodCodeHeapSize                   = 5832780                                {pd product} {ergonomic}
    uintx NonProfiledCodeHeapSize                  = 122912730                              {pd product} {ergonomic}
    uintx ProfiledCodeHeapSize                     = 122912730                              {pd product} {ergonomic}
    uintx ReservedCodeCacheSize                    = 251658240                              {pd product} {ergonomic}
     bool SegmentedCodeCache                       = true                                      {product} {ergonomic}
   size_t SoftMaxHeapSize                          = 536870912                              {manageable} {ergonomic}
     bool UseCompressedClassPointers               = true                           {product lp64_product} {ergonomic}
     bool UseCompressedOops                        = true                           {product lp64_product} {ergonomic}
     bool UseG1GC                                  = true                                      {product} {ergonomic}
     bool UseLargePagesIndividualAllocation        = false                                  {pd product} {ergonomic}

Logging:
Log output configuration:
 #0: stdout all=warning uptime,level,tags
 #1: stderr all=off uptime,level,tags

Environment Variables:
PATH=C:\Program Files\Common Files\Oracle\Java\javapath;C:\WINDOWS\system32;C:\WINDOWS;C:\WINDOWS\System32\Wbem;C:\WINDOWS\System32\WindowsPowerShell\v1.0\;C:\WINDOWS\System32\OpenSSH\;C:\Program Files\Git\cmd;C:\Program Files\TortoiseGit\bin;C:\Users\Laptop\AppData\Local\Microsoft\WindowsApps;C:\Users\Laptop\AppData\Local\Programs\Microsoft VS Code\bin;C:\Users\Laptop\AppData\Local\GitHubDesktop\bin;;C:\Program Files\JetBrains\IntelliJ IDEA 2022.2.3\bin;
USERNAME=Laptop
OS=Windows_NT
PROCESSOR_IDENTIFIER=AMD64 Family 23 Model 96 Stepping 1, AuthenticAMD
TMP=C:\Users\Laptop\AppData\Local\Temp
TEMP=C:\Users\Laptop\AppData\Local\Temp



---------------  S Y S T E M  ---------------

OS:
 Windows 11 , 64 bit Build 22000 (10.0.22000.1335)
OS uptime: 12 days 18:08 hours

CPU: total 6 (initial active 6) (6 cores per cpu, 1 threads per core) family 23 model 96 stepping 1 microcode 0x0, cx8, cmov, fxsr, mmx, 3dnowpref, sse, sse2, sse3, ssse3, sse4a, sse4.1, sse4.2, popcnt, lzcnt, tsc, tscinvbit, avx, avx2, aes, clmul, bmi1, bmi2, adx, sha, fma, vzeroupper, clflush, clflushopt

Memory: 4k page, system-wide physical 7549M (415M free)
TotalPageFile size 31101M (AvailPageFile size 0M)
current process WorkingSet (physical memory assigned to process): 415M, peak: 423M
current process commit charge ("private bytes"): 481M, peak: 490M

vm_info: OpenJDK 64-Bit Server VM (17.0.5+8-LTS) for windows-amd64 JRE (17.0.5+8-LTS), built on Oct 13 2022 05:18:14 by "Administrator" with MS VC++ 15.9 (VS2017)

END.
